

Started GET "/" for 127.0.0.1 at Thu Aug 25 20:37:24 -0400 2011

RuntimeError (Please install the mysql2 adapter: `gem install activerecord-mysql2-adapter` (no such file to load -- active_record/connection_adapters/mysql2_adapter)):
  

Rendered /Library/Ruby/Gems/1.8/gems/actionpack-3.0.5/lib/action_dispatch/middleware/templates/rescues/_trace.erb (1.2ms)
Rendered /Library/Ruby/Gems/1.8/gems/actionpack-3.0.5/lib/action_dispatch/middleware/templates/rescues/_request_and_response.erb (15.0ms)
Rendered /Library/Ruby/Gems/1.8/gems/actionpack-3.0.5/lib/action_dispatch/middleware/templates/rescues/diagnostics.erb within rescues/layout (22.0ms)


Started GET "/" for 127.0.0.1 at Thu Aug 25 21:48:21 -0400 2011

RuntimeError (Please install the mysql2 adapter: `gem install activerecord-mysql2-adapter` (no such file to load -- active_record/connection_adapters/mysql2_adapter)):
  

Rendered /Library/Ruby/Gems/1.8/gems/actionpack-3.0.5/lib/action_dispatch/middleware/templates/rescues/_trace.erb (1.1ms)
Rendered /Library/Ruby/Gems/1.8/gems/actionpack-3.0.5/lib/action_dispatch/middleware/templates/rescues/_request_and_response.erb (8.9ms)
Rendered /Library/Ruby/Gems/1.8/gems/actionpack-3.0.5/lib/action_dispatch/middleware/templates/rescues/diagnostics.erb within rescues/layout (16.0ms)
DEPRECATION WARNING: config.action_view.debug_rjs will be removed in 3.1, from 3.1 onwards you will need to install prototype-rails to continue to use RJS templates . (called from service at /System/Library/Frameworks/Ruby.framework/Versions/1.8/usr/lib/ruby/1.8/webrick/httpserver.rb:104)


Started GET "/" for 127.0.0.1 at Thu Aug 25 21:54:34 -0400 2011

Mysql2::Error (Unknown database 'ryokin_development'):
  

Rendered /Library/Ruby/Gems/1.8/gems/actionpack-3.0.10/lib/action_dispatch/middleware/templates/rescues/_trace.erb (1.5ms)
Rendered /Library/Ruby/Gems/1.8/gems/actionpack-3.0.10/lib/action_dispatch/middleware/templates/rescues/_request_and_response.erb (2.6ms)
Rendered /Library/Ruby/Gems/1.8/gems/actionpack-3.0.10/lib/action_dispatch/middleware/templates/rescues/diagnostics.erb within rescues/layout (10.5ms)


Started GET "/" for 127.0.0.1 at Thu Aug 25 21:54:36 -0400 2011

Mysql2::Error (Unknown database 'ryokin_development'):
  

Rendered /Library/Ruby/Gems/1.8/gems/actionpack-3.0.10/lib/action_dispatch/middleware/templates/rescues/_trace.erb (1.3ms)
Rendered /Library/Ruby/Gems/1.8/gems/actionpack-3.0.10/lib/action_dispatch/middleware/templates/rescues/_request_and_response.erb (1.3ms)
Rendered /Library/Ruby/Gems/1.8/gems/actionpack-3.0.10/lib/action_dispatch/middleware/templates/rescues/diagnostics.erb within rescues/layout (7.3ms)
  [1m[36mSQL (0.3ms)[0m  [1mSHOW TABLES[0m
  [1m[35mSQL (117.1ms)[0m  CREATE TABLE `schema_migrations` (`version` varchar(255) NOT NULL) ENGINE=InnoDB
  [1m[36mSQL (0.4ms)[0m  [1mSHOW KEYS FROM `schema_migrations`[0m
  [1m[35mSQL (153.5ms)[0m  CREATE UNIQUE INDEX `unique_schema_migrations` ON `schema_migrations` (`version`)
  [1m[36mSQL (0.3ms)[0m  [1mSHOW TABLES[0m
  [1m[35mSQL (0.2ms)[0m  SHOW TABLES
  [1m[36mSQL (0.2ms)[0m  [1mSELECT `schema_migrations`.`version` FROM `schema_migrations`[0m
Migrating to CreateBanks (20110826015420)
  [1m[35mSQL (99.3ms)[0m  CREATE TABLE `banks` (`id` int(11) DEFAULT NULL auto_increment PRIMARY KEY, `name` varchar(255), `abbr` varchar(255), `logo_url` varchar(255), `created_at` datetime, `updated_at` datetime) ENGINE=InnoDB
  [1m[36mSQL (12.2ms)[0m  [1mINSERT INTO `schema_migrations` (`version`) VALUES ('20110826015420')[0m
Migrating to CreateRates (20110826020211)
  [1m[35mSQL (79.5ms)[0m  CREATE TABLE `rates` (`id` int(11) DEFAULT NULL auto_increment PRIMARY KEY, `bank_id` int(11), `category_rate_type_id` int(11), `percent_rate` decimal, `created_at` datetime, `updated_at` datetime) ENGINE=InnoDB
  [1m[36mSQL (10.2ms)[0m  [1mINSERT INTO `schema_migrations` (`version`) VALUES ('20110826020211')[0m
Migrating to CreateCategoryRateTypes (20110826020347)
  [1m[35mSQL (70.5ms)[0m  CREATE TABLE `category_rate_types` (`id` int(11) DEFAULT NULL auto_increment PRIMARY KEY, `created_at` datetime, `updated_at` datetime) ENGINE=InnoDB
  [1m[36mSQL (0.4ms)[0m  [1mINSERT INTO `schema_migrations` (`version`) VALUES ('20110826020347')[0m
Migrating to CreateRateTypes (20110826020428)
  [1m[35mSQL (88.3ms)[0m  CREATE TABLE `rate_types` (`id` int(11) DEFAULT NULL auto_increment PRIMARY KEY, `name` varchar(255), `nb_month` int(11), `created_at` datetime, `updated_at` datetime) ENGINE=InnoDB
  [1m[36mSQL (16.6ms)[0m  [1mINSERT INTO `schema_migrations` (`version`) VALUES ('20110826020428')[0m
Migrating to CreateCategories (20110826020507)
  [1m[35mSQL (88.8ms)[0m  CREATE TABLE `categories` (`id` int(11) DEFAULT NULL auto_increment PRIMARY KEY, `name` varchar(255), `created_at` datetime, `updated_at` datetime) ENGINE=InnoDB
  [1m[36mSQL (0.8ms)[0m  [1mINSERT INTO `schema_migrations` (`version`) VALUES ('20110826020507')[0m
  [1m[35mSQL (0.5ms)[0m  SHOW TABLES
  [1m[36mSQL (0.4ms)[0m  [1mSELECT `schema_migrations`.`version` FROM `schema_migrations`[0m
  [1m[35mSQL (0.3ms)[0m  SHOW TABLES
  [1m[36mSQL (1.4ms)[0m  [1mdescribe `banks`[0m
  [1m[35mSQL (0.2ms)[0m  SHOW KEYS FROM `banks`
  [1m[36mSQL (1.3ms)[0m  [1mdescribe `categories`[0m
  [1m[35mSQL (0.6ms)[0m  SHOW KEYS FROM `categories`
  [1m[36mSQL (1.2ms)[0m  [1mdescribe `category_rate_types`[0m
  [1m[35mSQL (0.2ms)[0m  SHOW KEYS FROM `category_rate_types`
  [1m[36mSQL (2.5ms)[0m  [1mdescribe `rate_types`[0m
  [1m[35mSQL (0.2ms)[0m  SHOW KEYS FROM `rate_types`
  [1m[36mSQL (2.5ms)[0m  [1mdescribe `rates`[0m
  [1m[35mSQL (1.1ms)[0m  SHOW KEYS FROM `rates`
DEPRECATION WARNING: config.action_view.debug_rjs will be removed in 3.1, from 3.1 onwards you will need to install prototype-rails to continue to use RJS templates . (called from service at /System/Library/Frameworks/Ruby.framework/Versions/1.8/usr/lib/ruby/1.8/webrick/httpserver.rb:104)


Started GET "/" for 127.0.0.1 at Thu Aug 25 22:06:59 -0400 2011

ActionController::RoutingError (uninitialized constant WelcomeController):
  

Rendered /Library/Ruby/Gems/1.8/gems/actionpack-3.0.10/lib/action_dispatch/middleware/templates/rescues/routing_error.erb within rescues/layout (0.8ms)


Started GET "/" for 127.0.0.1 at Thu Aug 25 22:07:00 -0400 2011

ActionController::RoutingError (uninitialized constant WelcomeController):
  

Rendered /Library/Ruby/Gems/1.8/gems/actionpack-3.0.10/lib/action_dispatch/middleware/templates/rescues/routing_error.erb within rescues/layout (0.7ms)


Started GET "/banks" for 127.0.0.1 at Thu Aug 25 22:07:24 -0400 2011
  Processing by BanksController#index as HTML
  [1m[36mBank Load (0.4ms)[0m  [1mSELECT `banks`.* FROM `banks`[0m
Rendered banks/index.html.erb within layouts/application (3.3ms)
Completed 200 OK in 60ms (Views: 10.2ms | ActiveRecord: 0.4ms)


Started GET "/path/to/less.js" for 127.0.0.1 at Thu Aug 25 22:07:24 -0400 2011

ActionController::RoutingError (No route matches "/path/to/less.js"):
  

Rendered /Library/Ruby/Gems/1.8/gems/actionpack-3.0.10/lib/action_dispatch/middleware/templates/rescues/routing_error.erb within rescues/layout (1.0ms)


Started GET "/banks/new" for 127.0.0.1 at Thu Aug 25 22:07:31 -0400 2011
  Processing by BanksController#new as HTML
Rendered banks/_form.html.erb (29.4ms)
Rendered banks/new.html.erb within layouts/application (34.5ms)
Completed 200 OK in 45ms (Views: 40.9ms | ActiveRecord: 0.0ms)


Started GET "/path/to/less.js" for 127.0.0.1 at Thu Aug 25 22:07:31 -0400 2011

ActionController::RoutingError (No route matches "/path/to/less.js"):
  

Rendered /Library/Ruby/Gems/1.8/gems/actionpack-3.0.10/lib/action_dispatch/middleware/templates/rescues/routing_error.erb within rescues/layout (0.8ms)


Started POST "/banks" for 127.0.0.1 at Thu Aug 25 22:07:42 -0400 2011
  Processing by BanksController#create as HTML
  Parameters: {"commit"=>"Create Bank", "authenticity_token"=>"m5kqg1EHDc1ANRx+ADose09cwqy7uyrtGfqRyW9L7V8=", "utf8"=>"✓", "bank"=>{"name"=>"Desjardins", "logo_url"=>"", "abbr"=>"DESJ"}}
  [1m[35mSQL (29.5ms)[0m  BEGIN
  [1m[36mSQL (0.4ms)[0m  [1mSHOW TABLES[0m
  [1m[35mSQL (4.4ms)[0m  describe `banks`
  [1m[36mAREL (0.3ms)[0m  [1mINSERT INTO `banks` (`name`, `updated_at`, `logo_url`, `created_at`, `abbr`) VALUES ('Desjardins', '2011-08-26 02:07:42', '', '2011-08-26 02:07:42', 'DESJ')[0m
  [1m[35mSQL (0.4ms)[0m  COMMIT
Redirected to http://0.0.0.0:3000/banks/1
Completed 302 Found in 181ms


Started GET "/banks/1" for 127.0.0.1 at Thu Aug 25 22:07:42 -0400 2011
  Processing by BanksController#show as HTML
  Parameters: {"id"=>"1"}
  [1m[36mBank Load (39.4ms)[0m  [1mSELECT `banks`.* FROM `banks` WHERE `banks`.`id` = 1 LIMIT 1[0m
Rendered banks/show.html.erb within layouts/application (20.0ms)
Completed 200 OK in 110ms (Views: 27.4ms | ActiveRecord: 74.4ms)


Started GET "/path/to/less.js" for 127.0.0.1 at Thu Aug 25 22:07:42 -0400 2011

ActionController::RoutingError (No route matches "/path/to/less.js"):
  

Rendered /Library/Ruby/Gems/1.8/gems/actionpack-3.0.10/lib/action_dispatch/middleware/templates/rescues/routing_error.erb within rescues/layout (1.0ms)


Started GET "/banks" for 127.0.0.1 at Thu Aug 25 22:07:45 -0400 2011
  Processing by BanksController#index as HTML
  [1m[35mBank Load (0.3ms)[0m  SELECT `banks`.* FROM `banks`
Rendered banks/index.html.erb within layouts/application (9.0ms)
Completed 200 OK in 86ms (Views: 15.6ms | ActiveRecord: 0.3ms)


Started GET "/path/to/less.js" for 127.0.0.1 at Thu Aug 25 22:07:45 -0400 2011

ActionController::RoutingError (No route matches "/path/to/less.js"):
  

Rendered /Library/Ruby/Gems/1.8/gems/actionpack-3.0.10/lib/action_dispatch/middleware/templates/rescues/routing_error.erb within rescues/layout (0.8ms)


Started GET "/banks/new" for 127.0.0.1 at Thu Aug 25 22:07:50 -0400 2011
  Processing by BanksController#new as HTML
Rendered banks/_form.html.erb (9.1ms)
Rendered banks/new.html.erb within layouts/application (13.7ms)
Completed 200 OK in 25ms (Views: 20.5ms | ActiveRecord: 0.0ms)


Started GET "/path/to/less.js" for 127.0.0.1 at Thu Aug 25 22:07:50 -0400 2011

ActionController::RoutingError (No route matches "/path/to/less.js"):
  

Rendered /Library/Ruby/Gems/1.8/gems/actionpack-3.0.10/lib/action_dispatch/middleware/templates/rescues/routing_error.erb within rescues/layout (1.1ms)


Started POST "/banks" for 127.0.0.1 at Thu Aug 25 22:07:56 -0400 2011
  Processing by BanksController#create as HTML
  Parameters: {"commit"=>"Create Bank", "authenticity_token"=>"m5kqg1EHDc1ANRx+ADose09cwqy7uyrtGfqRyW9L7V8=", "utf8"=>"✓", "bank"=>{"name"=>"ING Direct", "logo_url"=>"", "abbr"=>"ING"}}
  [1m[36mSQL (0.1ms)[0m  [1mBEGIN[0m
  [1m[35mSQL (1.1ms)[0m  describe `banks`
  [1m[36mAREL (0.2ms)[0m  [1mINSERT INTO `banks` (`created_at`, `name`, `abbr`, `updated_at`, `logo_url`) VALUES ('2011-08-26 02:07:57', 'ING Direct', 'ING', '2011-08-26 02:07:57', '')[0m
  [1m[35mSQL (0.4ms)[0m  COMMIT
Redirected to http://0.0.0.0:3000/banks/2
Completed 302 Found in 42ms


Started GET "/banks/2" for 127.0.0.1 at Thu Aug 25 22:07:57 -0400 2011
  Processing by BanksController#show as HTML
  Parameters: {"id"=>"2"}
  [1m[36mBank Load (0.2ms)[0m  [1mSELECT `banks`.* FROM `banks` WHERE `banks`.`id` = 2 LIMIT 1[0m
Rendered banks/show.html.erb within layouts/application (10.8ms)
Completed 200 OK in 22ms (Views: 17.0ms | ActiveRecord: 2.0ms)


Started GET "/path/to/less.js" for 127.0.0.1 at Thu Aug 25 22:07:57 -0400 2011

ActionController::RoutingError (No route matches "/path/to/less.js"):
  

Rendered /Library/Ruby/Gems/1.8/gems/actionpack-3.0.10/lib/action_dispatch/middleware/templates/rescues/routing_error.erb within rescues/layout (0.7ms)


Started GET "/banks" for 127.0.0.1 at Thu Aug 25 22:07:59 -0400 2011
  Processing by BanksController#index as HTML
  [1m[35mBank Load (0.3ms)[0m  SELECT `banks`.* FROM `banks`
Rendered banks/index.html.erb within layouts/application (10.1ms)
Completed 200 OK in 93ms (Views: 16.4ms | ActiveRecord: 0.3ms)


Started GET "/path/to/less.js" for 127.0.0.1 at Thu Aug 25 22:07:59 -0400 2011

ActionController::RoutingError (No route matches "/path/to/less.js"):
  

Rendered /Library/Ruby/Gems/1.8/gems/actionpack-3.0.10/lib/action_dispatch/middleware/templates/rescues/routing_error.erb within rescues/layout (3.3ms)


Started GET "/banks" for 127.0.0.1 at Thu Aug 25 22:38:56 -0400 2011
  Processing by BanksController#index as HTML
  [1m[36mBank Load (0.6ms)[0m  [1mSELECT `banks`.* FROM `banks`[0m
Rendered banks/index.html.erb within layouts/application (10.8ms)
Completed 200 OK in 32ms (Views: 20.4ms | ActiveRecord: 0.6ms)


Started GET "/path/to/less.js" for 127.0.0.1 at Thu Aug 25 22:38:56 -0400 2011

ActionController::RoutingError (No route matches "/path/to/less.js"):
  

Rendered /Library/Ruby/Gems/1.8/gems/actionpack-3.0.10/lib/action_dispatch/middleware/templates/rescues/routing_error.erb within rescues/layout (0.8ms)
  [1m[36mSQL (0.4ms)[0m  [1mSHOW TABLES[0m
  [1m[35mSQL (0.3ms)[0m  SHOW TABLES
  [1m[36mSQL (0.2ms)[0m  [1mSELECT `schema_migrations`.`version` FROM `schema_migrations`[0m
Migrating to CreateBanks (20110826015420)
Migrating to CreateRates (20110826020211)
Migrating to CreateCategoryRateTypes (20110826020347)
Migrating to CreateRateTypes (20110826020428)
Migrating to CreateCategories (20110826020507)
  [1m[35mSQL (0.3ms)[0m  SHOW TABLES
  [1m[36mSQL (0.2ms)[0m  [1mSELECT `schema_migrations`.`version` FROM `schema_migrations`[0m
  [1m[35mSQL (0.3ms)[0m  SHOW TABLES
  [1m[36mSQL (1.4ms)[0m  [1mdescribe `banks`[0m
  [1m[35mSQL (0.3ms)[0m  SHOW KEYS FROM `banks`
  [1m[36mSQL (1.5ms)[0m  [1mdescribe `categories`[0m
  [1m[35mSQL (0.3ms)[0m  SHOW KEYS FROM `categories`
  [1m[36mSQL (4.2ms)[0m  [1mdescribe `category_rate_types`[0m
  [1m[35mSQL (0.5ms)[0m  SHOW KEYS FROM `category_rate_types`
  [1m[36mSQL (2.0ms)[0m  [1mdescribe `rate_types`[0m
  [1m[35mSQL (3.8ms)[0m  SHOW KEYS FROM `rate_types`
  [1m[36mSQL (7.3ms)[0m  [1mdescribe `rates`[0m
  [1m[35mSQL (0.2ms)[0m  SHOW KEYS FROM `rates`
  [1m[36mSQL (0.4ms)[0m  [1mSHOW TABLES[0m
  [1m[35mSQL (0.3ms)[0m  SHOW TABLES
  [1m[36mSQL (0.2ms)[0m  [1mSELECT `schema_migrations`.`version` FROM `schema_migrations`[0m
Migrating to CreateBanks (20110826015420)
Migrating to CreateRates (20110826020211)
Migrating to CreateCategoryRateTypes (20110826020347)
Migrating to CreateRateTypes (20110826020428)
Migrating to CreateCategories (20110826020507)
Migrating to AddRelationToCategoryRateTypes (20110826031818)
  [1m[35mSQL (0.3ms)[0m  ALTER TABLE `CategoryRateType` ADD `category_id` int(11)
Mysql2::Error: Table 'ryokin_development.categoryratetype' doesn't exist: ALTER TABLE `CategoryRateType` ADD `category_id` int(11)
  [1m[36mSQL (0.4ms)[0m  [1mSHOW TABLES[0m
  [1m[35mSQL (0.3ms)[0m  SHOW TABLES
  [1m[36mSQL (0.2ms)[0m  [1mSELECT `schema_migrations`.`version` FROM `schema_migrations`[0m
Migrating to CreateBanks (20110826015420)
Migrating to CreateRates (20110826020211)
Migrating to CreateCategoryRateTypes (20110826020347)
Migrating to CreateRateTypes (20110826020428)
Migrating to CreateCategories (20110826020507)
Migrating to AddRelationToCategoryRateTypes (20110826031818)
  [1m[35mSQL (0.3ms)[0m  ALTER TABLE `CategoryRateTypes` ADD `category_id` int(11)
Mysql2::Error: Table 'ryokin_development.categoryratetypes' doesn't exist: ALTER TABLE `CategoryRateTypes` ADD `category_id` int(11)
  [1m[36mSQL (0.4ms)[0m  [1mSHOW TABLES[0m
  [1m[35mSQL (0.3ms)[0m  SHOW TABLES
  [1m[36mSQL (0.2ms)[0m  [1mSELECT `schema_migrations`.`version` FROM `schema_migrations`[0m
Migrating to CreateBanks (20110826015420)
Migrating to CreateRates (20110826020211)
Migrating to CreateCategoryRateTypes (20110826020347)
Migrating to CreateRateTypes (20110826020428)
Migrating to CreateCategories (20110826020507)
Migrating to AddRelationToCategoryRateTypes (20110826031818)
  [1m[35mSQL (54.1ms)[0m  ALTER TABLE `Category_Rate_Types` ADD `category_id` int(11)
  [1m[36mSQL (135.6ms)[0m  [1mALTER TABLE `Category_Rate_Types` ADD `rate_type_id` int(11)[0m
  [1m[35mSQL (0.4ms)[0m  INSERT INTO `schema_migrations` (`version`) VALUES ('20110826031818')
  [1m[36mSQL (0.4ms)[0m  [1mSHOW TABLES[0m
  [1m[35mSQL (0.2ms)[0m  SELECT `schema_migrations`.`version` FROM `schema_migrations`
  [1m[36mSQL (0.3ms)[0m  [1mSHOW TABLES[0m
  [1m[35mSQL (1.3ms)[0m  describe `Category_Rate_Types`
  [1m[36mSQL (0.3ms)[0m  [1mSHOW KEYS FROM `Category_Rate_Types`[0m
  [1m[35mSQL (1.4ms)[0m  describe `banks`
  [1m[36mSQL (0.3ms)[0m  [1mSHOW KEYS FROM `banks`[0m
  [1m[35mSQL (1.3ms)[0m  describe `categories`
  [1m[36mSQL (0.3ms)[0m  [1mSHOW KEYS FROM `categories`[0m
  [1m[35mSQL (1.4ms)[0m  describe `rate_types`
  [1m[36mSQL (0.3ms)[0m  [1mSHOW KEYS FROM `rate_types`[0m
  [1m[35mSQL (1.1ms)[0m  describe `rates`
  [1m[36mSQL (0.2ms)[0m  [1mSHOW KEYS FROM `rates`[0m
DEPRECATION WARNING: config.action_view.debug_rjs will be removed in 3.1, from 3.1 onwards you will need to install prototype-rails to continue to use RJS templates . (called from /Users/thomasfortier/Sites/ryokin/production/ryokin/config/environment.rb:5)


Started GET "/banks" for 127.0.0.1 at Fri Aug 26 20:54:23 -0400 2011
  Processing by BanksController#index as HTML
  [1m[36mBank Load (0.3ms)[0m  [1mSELECT `banks`.* FROM `banks`[0m
Rendered banks/index.html.erb within layouts/application (13.3ms)
Completed 200 OK in 50ms (Views: 21.0ms | ActiveRecord: 0.3ms)


Started GET "/path/to/less.js" for 127.0.0.1 at Fri Aug 26 20:54:25 -0400 2011

ActionController::RoutingError (No route matches "/path/to/less.js"):
  

Rendered /Library/Ruby/Gems/1.8/gems/actionpack-3.0.10/lib/action_dispatch/middleware/templates/rescues/routing_error.erb within rescues/layout (0.8ms)


Started GET "/" for 127.0.0.1 at Fri Aug 26 20:54:27 -0400 2011
  Processing by HomeController#index as HTML
Rendered home/index.html.erb within layouts/application (1.6ms)
Completed 200 OK in 9ms (Views: 8.0ms | ActiveRecord: 0.0ms)


Started GET "/path/to/less.js" for 127.0.0.1 at Fri Aug 26 20:54:27 -0400 2011

ActionController::RoutingError (No route matches "/path/to/less.js"):
  

Rendered /Library/Ruby/Gems/1.8/gems/actionpack-3.0.10/lib/action_dispatch/middleware/templates/rescues/routing_error.erb within rescues/layout (0.8ms)


Started GET "/banks" for 127.0.0.1 at Fri Aug 26 20:57:44 -0400 2011
  Processing by BanksController#index as HTML
  [1m[35mBank Load (0.3ms)[0m  SELECT `banks`.* FROM `banks`
Rendered banks/index.html.erb within layouts/application (9.7ms)
Completed 200 OK in 20ms (Views: 15.9ms | ActiveRecord: 0.3ms)


Started GET "/path/to/less.js" for 127.0.0.1 at Fri Aug 26 20:57:44 -0400 2011

ActionController::RoutingError (No route matches "/path/to/less.js"):
  

Rendered /Library/Ruby/Gems/1.8/gems/actionpack-3.0.10/lib/action_dispatch/middleware/templates/rescues/routing_error.erb within rescues/layout (1.2ms)


Started GET "/banks" for 127.0.0.1 at Fri Aug 26 20:57:52 -0400 2011
  Processing by BanksController#index as HTML
  [1m[36mBank Load (0.3ms)[0m  [1mSELECT `banks`.* FROM `banks`[0m
Rendered banks/index.html.erb within layouts/application (12.0ms)
Completed 200 OK in 130ms (Views: 18.6ms | ActiveRecord: 0.3ms)
DEPRECATION WARNING: config.action_view.debug_rjs will be removed in 3.1, from 3.1 onwards you will need to install prototype-rails to continue to use RJS templates . (called from /Users/thomasfortier/Sites/ryokin/production/ryokin/config/environment.rb:5)


Started GET "/banks" for 127.0.0.1 at Fri Aug 26 21:00:41 -0400 2011
  Processing by BanksController#index as HTML
  [1m[36mBank Load (0.3ms)[0m  [1mSELECT `banks`.* FROM `banks`[0m
Rendered banks/index.html.erb (10.2ms)
Completed 200 OK in 38ms (Views: 16.9ms | ActiveRecord: 0.3ms)


Started GET "/banks" for 127.0.0.1 at Fri Aug 26 21:01:38 -0400 2011
  Processing by BanksController#index as HTML
  [1m[35mBank Load (0.3ms)[0m  SELECT `banks`.* FROM `banks`
Rendered banks/index.html.erb (8.6ms)
Completed 200 OK in 18ms (Views: 15.0ms | ActiveRecord: 0.3ms)


Started GET "/banks" for 127.0.0.1 at Fri Aug 26 21:01:39 -0400 2011
  Processing by BanksController#index as HTML
  [1m[36mBank Load (0.3ms)[0m  [1mSELECT `banks`.* FROM `banks`[0m
Rendered banks/index.html.erb (9.3ms)
Completed 200 OK in 19ms (Views: 15.4ms | ActiveRecord: 0.3ms)


Started GET "/banks" for 127.0.0.1 at Fri Aug 26 21:07:45 -0400 2011
  Processing by BanksController#index as HTML
  [1m[35mBank Load (0.3ms)[0m  SELECT `banks`.* FROM `banks`
Rendered banks/index.html.erb (8.5ms)
Completed 200 OK in 18ms (Views: 14.6ms | ActiveRecord: 0.3ms)


Started GET "/banks" for 127.0.0.1 at Fri Aug 26 21:07:46 -0400 2011
  Processing by BanksController#index as HTML
  [1m[36mBank Load (0.3ms)[0m  [1mSELECT `banks`.* FROM `banks`[0m
Rendered banks/index.html.erb (9.7ms)
Completed 200 OK in 19ms (Views: 15.8ms | ActiveRecord: 0.3ms)


Started GET "/banks" for 127.0.0.1 at Fri Aug 26 21:07:47 -0400 2011
  Processing by BanksController#index as HTML
  [1m[35mBank Load (0.3ms)[0m  SELECT `banks`.* FROM `banks`
Rendered banks/index.html.erb (8.6ms)
Completed 200 OK in 19ms (Views: 15.7ms | ActiveRecord: 0.3ms)


Started GET "/banks" for 127.0.0.1 at Fri Aug 26 21:07:53 -0400 2011
  Processing by BanksController#index as HTML
  [1m[36mBank Load (0.3ms)[0m  [1mSELECT `banks`.* FROM `banks`[0m
Rendered banks/index.html.erb (13.9ms)
Completed 200 OK in 25ms (Views: 20.3ms | ActiveRecord: 0.3ms)


Started GET "/banks" for 127.0.0.1 at Fri Aug 26 21:09:56 -0400 2011
  Processing by BanksController#index as HTML
  [1m[35mBank Load (0.3ms)[0m  SELECT `banks`.* FROM `banks`
Rendered banks/index.html.erb (9.7ms)
Completed 200 OK in 19ms (Views: 15.9ms | ActiveRecord: 0.3ms)


Started GET "/banks" for 127.0.0.1 at Fri Aug 26 21:10:07 -0400 2011
  Processing by BanksController#index as HTML
  [1m[36mBank Load (0.3ms)[0m  [1mSELECT `banks`.* FROM `banks`[0m
Rendered banks/index.html.erb (9.1ms)
Completed 200 OK in 19ms (Views: 15.6ms | ActiveRecord: 0.3ms)
