

Started GET "/advisors/1" for 127.0.0.1 at Sat Oct 01 21:52:35 -0400 2011

Sass::SyntaxError (File to import not found or unreadable: active_admin/mixins.
Load paths:
  Compass::SpriteImporter
  /Users/thomasfortier/Sites/ryokin/production/ryokin/public/stylesheets/sass
  /Users/thomasfortier/Sites/ryokin/production/ryokin/app/assets/stylesheets
  /Library/Ruby/Gems/1.8/gems/compass-0.11.5/frameworks/blueprint/stylesheets
  /Library/Ruby/Gems/1.8/gems/compass-0.11.5/frameworks/compass/stylesheets
  /Library/Ruby/Gems/1.8/gems/html5-boilerplate-1.0.0/stylesheets):
  app/assets/stylesheets/active_admin.css.scss:2

Rendered /Library/Ruby/Gems/1.8/gems/actionpack-3.1.0/lib/action_dispatch/middleware/templates/rescues/_trace.erb (1.4ms)
Rendered /Library/Ruby/Gems/1.8/gems/actionpack-3.1.0/lib/action_dispatch/middleware/templates/rescues/_request_and_response.erb (2.2ms)
Rendered /Library/Ruby/Gems/1.8/gems/actionpack-3.1.0/lib/action_dispatch/middleware/templates/rescues/diagnostics.erb within rescues/layout (6.9ms)


Started GET "/advisors/1" for 127.0.0.1 at Sat Oct 01 21:52:36 -0400 2011
  Processing by AdvisorsController#show as HTML
  Parameters: {"id"=>"1"}
Rendered advisors/show.html.haml within layouts/application (14.1ms)
Rendered layouts/_stylesheets.html.haml (3.1ms)
Rendered layouts/_head.html.haml (9.7ms)
Completed 500 Internal Server Error in 65ms

ActionView::Template::Error (style.css isn't precompiled):
    1: -# CSS: implied media="all"
    2: = stylesheet_link_tag 'style', :media => 'all'
    3: 
    4: -# Append your own using content_for :stylesheets
    5: = yield :stylesheets
  app/views/layouts/_stylesheets.html.haml:2:in `_app_views_layouts__stylesheets_html_haml___1511388980_2189895500'
  app/views/layouts/_head.html.haml:20:in `_app_views_layouts__head_html_haml__847773564_2190051400'
  app/views/layouts/application.html.haml:7:in `_app_views_layouts_application_html_haml___2036714542_2190863120'
  app/views/layouts/application.html.haml:3:in `_app_views_layouts_application_html_haml___2036714542_2190863120'
  app/controllers/advisors_controller.rb:14:in `show'

Rendered /Library/Ruby/Gems/1.8/gems/actionpack-3.1.0/lib/action_dispatch/middleware/templates/rescues/_trace.erb (1.9ms)
Rendered /Library/Ruby/Gems/1.8/gems/actionpack-3.1.0/lib/action_dispatch/middleware/templates/rescues/_request_and_response.erb (1.0ms)
Rendered /Library/Ruby/Gems/1.8/gems/actionpack-3.1.0/lib/action_dispatch/middleware/templates/rescues/template_error.erb within rescues/layout (5.9ms)


Started GET "/advisors" for 127.0.0.1 at Sat Oct 01 21:52:52 -0400 2011
  Processing by AdvisorsController#index as HTML
Rendered advisors/index.html.haml within layouts/application (1.5ms)
Rendered layouts/_stylesheets.html.haml (1.6ms)
Rendered layouts/_head.html.haml (2.2ms)
Completed 500 Internal Server Error in 8ms

ActionView::Template::Error (style.css isn't precompiled):
    1: -# CSS: implied media="all"
    2: = stylesheet_link_tag 'style', :media => 'all'
    3: 
    4: -# Append your own using content_for :stylesheets
    5: = yield :stylesheets
  app/views/layouts/_stylesheets.html.haml:2:in `_app_views_layouts__stylesheets_html_haml___1511388980_2189895500'
  app/views/layouts/_head.html.haml:20:in `_app_views_layouts__head_html_haml__847773564_2190051400'
  app/views/layouts/application.html.haml:7:in `_app_views_layouts_application_html_haml___2036714542_2190863120'
  app/views/layouts/application.html.haml:3:in `_app_views_layouts_application_html_haml___2036714542_2190863120'
  app/controllers/advisors_controller.rb:5:in `index'

Rendered /Library/Ruby/Gems/1.8/gems/actionpack-3.1.0/lib/action_dispatch/middleware/templates/rescues/_trace.erb (1.8ms)
Rendered /Library/Ruby/Gems/1.8/gems/actionpack-3.1.0/lib/action_dispatch/middleware/templates/rescues/_request_and_response.erb (0.9ms)
Rendered /Library/Ruby/Gems/1.8/gems/actionpack-3.1.0/lib/action_dispatch/middleware/templates/rescues/template_error.erb within rescues/layout (5.6ms)


Started GET "/rates" for 127.0.0.1 at Sat Oct 01 21:52:55 -0400 2011
  Processing by RatesController#index as HTML
Rendered rates/index.html.haml within layouts/application (8.9ms)
Rendered layouts/_stylesheets.html.haml (1.5ms)
Rendered layouts/_head.html.haml (2.0ms)
Completed 500 Internal Server Error in 45ms

ActionView::Template::Error (style.css isn't precompiled):
    1: -# CSS: implied media="all"
    2: = stylesheet_link_tag 'style', :media => 'all'
    3: 
    4: -# Append your own using content_for :stylesheets
    5: = yield :stylesheets
  app/views/layouts/_stylesheets.html.haml:2:in `_app_views_layouts__stylesheets_html_haml___1511388980_2189895500'
  app/views/layouts/_head.html.haml:20:in `_app_views_layouts__head_html_haml__847773564_2190051400'
  app/views/layouts/application.html.haml:7:in `_app_views_layouts_application_html_haml___2036714542_2190863120'
  app/views/layouts/application.html.haml:3:in `_app_views_layouts_application_html_haml___2036714542_2190863120'
  app/controllers/rates_controller.rb:7:in `index'

Rendered /Library/Ruby/Gems/1.8/gems/actionpack-3.1.0/lib/action_dispatch/middleware/templates/rescues/_trace.erb (2.0ms)
Rendered /Library/Ruby/Gems/1.8/gems/actionpack-3.1.0/lib/action_dispatch/middleware/templates/rescues/_request_and_response.erb (1.0ms)
Rendered /Library/Ruby/Gems/1.8/gems/actionpack-3.1.0/lib/action_dispatch/middleware/templates/rescues/template_error.erb within rescues/layout (6.1ms)


Started GET "/dashboards" for 127.0.0.1 at Sat Oct 01 21:52:57 -0400 2011
  Processing by DashboardsController#index as HTML
Redirected to http://0.0.0.0:3000/login
Completed 302 Found in 1ms


Started GET "/login" for 127.0.0.1 at Sat Oct 01 21:52:57 -0400 2011
  Processing by SessionsController#new as HTML
Rendered sessions/new.html.haml within layouts/application (7.2ms)
Rendered layouts/_stylesheets.html.haml (1.7ms)
Rendered layouts/_head.html.haml (2.2ms)
Completed 500 Internal Server Error in 144ms

ActionView::Template::Error (style.css isn't precompiled):
    1: -# CSS: implied media="all"
    2: = stylesheet_link_tag 'style', :media => 'all'
    3: 
    4: -# Append your own using content_for :stylesheets
    5: = yield :stylesheets
  app/views/layouts/_stylesheets.html.haml:2:in `_app_views_layouts__stylesheets_html_haml___1511388980_2189895500'
  app/views/layouts/_head.html.haml:20:in `_app_views_layouts__head_html_haml__847773564_2190051400'
  app/views/layouts/application.html.haml:7:in `_app_views_layouts_application_html_haml___2036714542_2190863120'
  app/views/layouts/application.html.haml:3:in `_app_views_layouts_application_html_haml___2036714542_2190863120'

Rendered /Library/Ruby/Gems/1.8/gems/actionpack-3.1.0/lib/action_dispatch/middleware/templates/rescues/_trace.erb (1.8ms)
Rendered /Library/Ruby/Gems/1.8/gems/actionpack-3.1.0/lib/action_dispatch/middleware/templates/rescues/_request_and_response.erb (1.0ms)
Rendered /Library/Ruby/Gems/1.8/gems/actionpack-3.1.0/lib/action_dispatch/middleware/templates/rescues/template_error.erb within rescues/layout (5.9ms)


Started GET "/login" for 127.0.0.1 at Sat Oct 01 21:54:43 -0400 2011

Sass::SyntaxError (File to import not found or unreadable: active_admin/mixins.
Load paths:
  Compass::SpriteImporter
  /Users/thomasfortier/Sites/ryokin/production/ryokin/public/stylesheets/sass
  /Users/thomasfortier/Sites/ryokin/production/ryokin/app/assets/stylesheets
  /Library/Ruby/Gems/1.8/gems/compass-0.11.5/frameworks/blueprint/stylesheets
  /Library/Ruby/Gems/1.8/gems/compass-0.11.5/frameworks/compass/stylesheets
  /Library/Ruby/Gems/1.8/gems/html5-boilerplate-1.0.0/stylesheets):
  app/assets/stylesheets/active_admin.css.scss:2

Rendered /Library/Ruby/Gems/1.8/gems/actionpack-3.1.0/lib/action_dispatch/middleware/templates/rescues/_trace.erb (1.6ms)
Rendered /Library/Ruby/Gems/1.8/gems/actionpack-3.1.0/lib/action_dispatch/middleware/templates/rescues/_request_and_response.erb (2.3ms)
Rendered /Library/Ruby/Gems/1.8/gems/actionpack-3.1.0/lib/action_dispatch/middleware/templates/rescues/diagnostics.erb within rescues/layout (7.3ms)


Started GET "/rates" for 127.0.0.1 at Sat Oct 01 21:54:52 -0400 2011
  Processing by RatesController#index as HTML
Rendered rates/index.html.haml within layouts/application (9.2ms)
Compiled style.css  (0ms)  (pid 63889)
Rendered layouts/_stylesheets.html.haml (336.1ms)
Compiled modernizr.min  (0ms)  (pid 63889)
Compiled respond.min  (0ms)  (pid 63889)
Rendered layouts/_head.html.haml (2290.7ms)
Rendered layouts/_header.html.haml (23.2ms)
Rendered layouts/_flashes.html.haml (4.7ms)
Rendered layouts/_footer.html.haml (2.1ms)
Compiled rails.js  (1ms)  (pid 63889)
Compiled plugins.js  (0ms)  (pid 63889)
Compiled application.js  (32ms)  (pid 63889)
Compiled jquery.js  (6ms)  (pid 63889)
Compiled jquery_ujs.js  (1ms)  (pid 63889)
Compiled active_admin.js  (5ms)  (pid 63889)
Compiled active_admin/base.js  (24ms)  (pid 63889)
Compiled active_admin/vendor.js  (12ms)  (pid 63889)
Compiled advisors.js  (723ms)  (pid 63889)
Compiled excanvas.compiled.js  (2ms)  (pid 63889)
Compiled highcharts.js  (7ms)  (pid 63889)
Compiled jquery-ui.js  (9ms)  (pid 63889)
Compiled jquery-ui.min.js  (4ms)  (pid 63889)
Compiled jquery.min.js  (2ms)  (pid 63889)
Compiled sessions.js  (554ms)  (pid 63889)
Compiled users.js  (710ms)  (pid 63889)
Rendered layouts/_javascripts.html.haml (37107.3ms)
Completed 200 OK in 39476ms (Views: 39470.3ms | ActiveRecord: 3.3ms)


Started GET "/assets/style-dd206d08fbeb180fc76a375d0820bbd5.css" for 127.0.0.1 at Sat Oct 01 21:55:31 -0400 2011
Served asset /style-dd206d08fbeb180fc76a375d0820bbd5.css - 200 OK (3ms)


Started GET "/assets/modernizr-64b4dfcb9a0bd57d8efad27d6dfbd01d.min" for 127.0.0.1 at Sat Oct 01 21:55:31 -0400 2011
Served asset /modernizr-64b4dfcb9a0bd57d8efad27d6dfbd01d.min - 200 OK (1ms)


Started GET "/assets/respond-f67e4da0b6c96cd93c70fc3307f41af0.min" for 127.0.0.1 at Sat Oct 01 21:55:31 -0400 2011
Served asset /respond-f67e4da0b6c96cd93c70fc3307f41af0.min - 200 OK (3ms)


Started GET "/assets/rails-15866ded87559ff4994550e03bc9df28.js" for 127.0.0.1 at Sat Oct 01 21:55:31 -0400 2011
Served asset /rails-15866ded87559ff4994550e03bc9df28.js - 200 OK (1ms)


Started GET "/assets/plugins-57daf02fa870c45f4a9f827339d66f5a.js" for 127.0.0.1 at Sat Oct 01 21:55:31 -0400 2011
Served asset /plugins-57daf02fa870c45f4a9f827339d66f5a.js - 200 OK (18ms)


Started GET "/assets/application-901275c38a7546e4483ecaffd0f2d55f.js" for 127.0.0.1 at Sat Oct 01 21:55:32 -0400 2011
Served asset /application-901275c38a7546e4483ecaffd0f2d55f.js - 200 OK (1ms)


Started GET "/assets/highcharts-4f1860144b8657155796dd677c31f39d.js" for 127.0.0.1 at Sat Oct 01 21:55:32 -0400 2011
Served asset /highcharts-4f1860144b8657155796dd677c31f39d.js - 200 OK (2ms)


Started GET "/rates" for 127.0.0.1 at Sat Oct 01 21:55:36 -0400 2011
  Processing by RatesController#index as HTML
Rendered rates/index.html.haml within layouts/application (0.6ms)
Rendered layouts/_stylesheets.html.haml (0.6ms)
Rendered layouts/_head.html.haml (1.8ms)
Rendered layouts/_header.html.haml (0.9ms)
Rendered layouts/_flashes.html.haml (0.3ms)
Rendered layouts/_footer.html.haml (0.3ms)
Rendered layouts/_javascripts.html.haml (2.4ms)
Completed 200 OK in 11ms (Views: 9.3ms | ActiveRecord: 0.3ms)


Started GET "/advisors" for 127.0.0.1 at Sat Oct 01 21:55:40 -0400 2011
  Processing by AdvisorsController#index as HTML
Rendered advisors/index.html.haml within layouts/application (1.6ms)
Rendered layouts/_stylesheets.html.haml (0.8ms)
Rendered layouts/_head.html.haml (2.1ms)
Rendered layouts/_header.html.haml (1.1ms)
Rendered layouts/_flashes.html.haml (0.3ms)
Rendered layouts/_footer.html.haml (0.3ms)
Rendered layouts/_javascripts.html.haml (2.0ms)
Completed 200 OK in 26ms (Views: 23.0ms | ActiveRecord: 1.2ms)


Started GET "/dashboards" for 127.0.0.1 at Sat Oct 01 22:56:24 -0400 2011
  Processing by DashboardsController#index as HTML
Redirected to http://0.0.0.0:3000/login
Completed 302 Found in 1ms


Started GET "/login" for 127.0.0.1 at Sat Oct 01 22:56:24 -0400 2011
  Processing by SessionsController#new as HTML
Rendered sessions/new.html.haml within layouts/application (6.9ms)
Rendered layouts/_stylesheets.html.haml (0.6ms)
Rendered layouts/_head.html.haml (1.8ms)
Rendered layouts/_header.html.haml (1.2ms)
Rendered layouts/_flashes.html.haml (0.5ms)
Rendered layouts/_footer.html.haml (0.4ms)
Rendered layouts/_javascripts.html.haml (2.0ms)
Completed 200 OK in 29ms (Views: 28.2ms | ActiveRecord: 0.0ms)


Started POST "/sessions" for 127.0.0.1 at Sat Oct 01 22:56:27 -0400 2011
  Processing by SessionsController#create as HTML
  Parameters: {"commit"=>"Log in", "authenticity_token"=>"getFUzG37VXTeIsufU86T/KNl7BigpQJr1U5hKHc+yQ=", "utf8"=>"✓", "password"=>"[FILTERED]", "email"=>"thomas.fortier@gmail.com"}
Rendered sessions/new.html.haml within layouts/application (2.6ms)
Rendered layouts/_stylesheets.html.haml (0.6ms)
Rendered layouts/_head.html.haml (1.7ms)
Rendered layouts/_header.html.haml (1.0ms)
Rendered layouts/_flashes.html.haml (0.4ms)
Rendered layouts/_footer.html.haml (0.3ms)
Rendered layouts/_javascripts.html.haml (1.6ms)
Completed 200 OK in 22ms (Views: 10.9ms | ActiveRecord: 7.5ms)


Started POST "/sessions" for 127.0.0.1 at Sat Oct 01 22:56:29 -0400 2011
  Processing by SessionsController#create as HTML
  Parameters: {"commit"=>"Log in", "remember_me"=>"1", "authenticity_token"=>"getFUzG37VXTeIsufU86T/KNl7BigpQJr1U5hKHc+yQ=", "utf8"=>"✓", "password"=>"[FILTERED]", "email"=>"thomas.fortier@gmail.com"}
Rendered sessions/new.html.haml within layouts/application (2.3ms)
Rendered layouts/_stylesheets.html.haml (0.5ms)
Rendered layouts/_head.html.haml (1.6ms)
Rendered layouts/_header.html.haml (1.1ms)
Rendered layouts/_flashes.html.haml (0.4ms)
Rendered layouts/_footer.html.haml (0.3ms)
Rendered layouts/_javascripts.html.haml (1.9ms)
Completed 200 OK in 13ms (Views: 10.7ms | ActiveRecord: 0.4ms)


Started POST "/sessions" for 127.0.0.1 at Sat Oct 01 22:56:37 -0400 2011
  Processing by SessionsController#create as HTML
  Parameters: {"commit"=>"Log in", "remember_me"=>"1", "authenticity_token"=>"getFUzG37VXTeIsufU86T/KNl7BigpQJr1U5hKHc+yQ=", "utf8"=>"✓", "password"=>"[FILTERED]", "email"=>"thomas.fortier@gmail.com"}
Rendered sessions/new.html.haml within layouts/application (2.7ms)
Rendered layouts/_stylesheets.html.haml (0.5ms)
Rendered layouts/_head.html.haml (1.5ms)
Rendered layouts/_header.html.haml (0.9ms)
Rendered layouts/_flashes.html.haml (0.4ms)
Rendered layouts/_footer.html.haml (0.3ms)
Rendered layouts/_javascripts.html.haml (1.8ms)
Completed 200 OK in 12ms (Views: 10.9ms | ActiveRecord: 0.3ms)


Started GET "/signup" for 127.0.0.1 at Sat Oct 01 22:56:55 -0400 2011
  Processing by UsersController#new as HTML
Rendered users/new.html.haml within layouts/application (26.5ms)
Rendered layouts/_stylesheets.html.haml (0.6ms)
Rendered layouts/_head.html.haml (1.7ms)
Rendered layouts/_header.html.haml (1.1ms)
Rendered layouts/_flashes.html.haml (0.2ms)
Rendered layouts/_footer.html.haml (0.3ms)
Rendered layouts/_javascripts.html.haml (1.6ms)
Completed 200 OK in 44ms (Views: 43.7ms | ActiveRecord: 0.0ms)


Started POST "/users" for 127.0.0.1 at Sat Oct 01 22:57:05 -0400 2011
  Processing by UsersController#create as HTML
  Parameters: {"commit"=>"Create User", "authenticity_token"=>"getFUzG37VXTeIsufU86T/KNl7BigpQJr1U5hKHc+yQ=", "utf8"=>"✓", "user"=>{"password_confirmation"=>"[FILTERED]", "password"=>"[FILTERED]", "email"=>"thomas.fortier@gmail.com"}}
Redirected to http://0.0.0.0:3000/
Completed 302 Found in 327ms


Started GET "/" for 127.0.0.1 at Sat Oct 01 22:57:05 -0400 2011
  Processing by HomeController#index as HTML
Rendered home/index.html.haml within layouts/application (1.6ms)
Rendered layouts/_stylesheets.html.haml (0.6ms)
Rendered layouts/_head.html.haml (1.8ms)
Rendered layouts/_header.html.haml (1.0ms)
Rendered layouts/_flashes.html.haml (0.4ms)
Rendered layouts/_footer.html.haml (0.3ms)
Rendered layouts/_javascripts.html.haml (1.7ms)
Completed 200 OK in 20ms (Views: 19.4ms | ActiveRecord: 0.0ms)


Started GET "/login" for 127.0.0.1 at Sat Oct 01 22:57:07 -0400 2011
  Processing by SessionsController#new as HTML
Rendered sessions/new.html.haml within layouts/application (2.5ms)
Rendered layouts/_stylesheets.html.haml (0.5ms)
Rendered layouts/_head.html.haml (1.8ms)
Rendered layouts/_header.html.haml (1.1ms)
Rendered layouts/_flashes.html.haml (0.3ms)
Rendered layouts/_footer.html.haml (0.3ms)
Rendered layouts/_javascripts.html.haml (1.7ms)
Completed 200 OK in 11ms (Views: 10.8ms | ActiveRecord: 0.0ms)


Started POST "/sessions" for 127.0.0.1 at Sat Oct 01 22:57:09 -0400 2011
  Processing by SessionsController#create as HTML
  Parameters: {"commit"=>"Log in", "authenticity_token"=>"getFUzG37VXTeIsufU86T/KNl7BigpQJr1U5hKHc+yQ=", "utf8"=>"✓", "password"=>"[FILTERED]", "email"=>"thomas.fortier@gmail.com"}
Redirected to http://0.0.0.0:3000/dashboards
Completed 302 Found in 239ms


Started GET "/dashboards" for 127.0.0.1 at Sat Oct 01 22:57:09 -0400 2011
  Processing by DashboardsController#index as HTML
Rendered dashboards/_sub1.html.haml (12.7ms)
Rendered dashboards/_sub2.html.haml (1.5ms)
Rendered dashboards/_sub3.html.haml (0.8ms)
Rendered dashboards/index.html.haml within layouts/application (24.0ms)
Rendered layouts/_stylesheets.html.haml (0.6ms)
Rendered layouts/_head.html.haml (1.7ms)
Rendered layouts/_header.html.haml (1.1ms)
Rendered layouts/_flashes.html.haml (0.4ms)
Rendered layouts/_footer.html.haml (0.3ms)
Rendered layouts/_javascripts.html.haml (1.7ms)
Completed 200 OK in 46ms (Views: 40.5ms | ActiveRecord: 1.4ms)


Started GET "/advisors" for 127.0.0.1 at Sat Oct 01 22:59:13 -0400 2011
  Processing by AdvisorsController#index as HTML
Rendered advisors/index.html.haml within layouts/application (0.2ms)
Rendered layouts/_stylesheets.html.haml (0.6ms)
Rendered layouts/_head.html.haml (1.9ms)
Rendered layouts/_header.html.haml (2.6ms)
Rendered layouts/_flashes.html.haml (0.3ms)
Rendered layouts/_footer.html.haml (0.3ms)
Rendered layouts/_javascripts.html.haml (1.8ms)
Completed 200 OK in 14ms (Views: 9.8ms | ActiveRecord: 0.6ms)


Started GET "/advisors" for 127.0.0.1 at Sat Oct 01 22:59:40 -0400 2011
  Processing by AdvisorsController#index as HTML
Rendered advisors/index.html.haml within layouts/application (0.1ms)
Rendered layouts/_stylesheets.html.haml (0.6ms)
Rendered layouts/_head.html.haml (1.7ms)
Rendered layouts/_header.html.haml (2.8ms)
Rendered layouts/_flashes.html.haml (0.3ms)
Rendered layouts/_footer.html.haml (0.3ms)
Rendered layouts/_javascripts.html.haml (2.0ms)
Completed 200 OK in 14ms (Views: 10.0ms | ActiveRecord: 0.6ms)


Started GET "/advisors" for 127.0.0.1 at Sat Oct 01 23:01:06 -0400 2011
  Processing by AdvisorsController#index as HTML
Rendered advisors/index.html.haml within layouts/application (0.1ms)
Rendered layouts/_stylesheets.html.haml (0.6ms)
Rendered layouts/_head.html.haml (1.7ms)
Rendered layouts/_header.html.haml (2.9ms)
Rendered layouts/_flashes.html.haml (0.3ms)
Rendered layouts/_footer.html.haml (0.3ms)
Rendered layouts/_javascripts.html.haml (1.7ms)
Completed 200 OK in 14ms (Views: 9.7ms | ActiveRecord: 0.7ms)


Started GET "/advisors" for 127.0.0.1 at Sat Oct 01 23:01:14 -0400 2011
  Processing by AdvisorsController#index as HTML
Rendered advisors/index.html.haml within layouts/application (0.1ms)
Rendered layouts/_stylesheets.html.haml (0.7ms)
Rendered layouts/_head.html.haml (1.9ms)
Rendered layouts/_header.html.haml (4.2ms)
Rendered layouts/_flashes.html.haml (0.4ms)
Rendered layouts/_footer.html.haml (0.3ms)
Rendered layouts/_javascripts.html.haml (1.8ms)
Completed 200 OK in 16ms (Views: 11.6ms | ActiveRecord: 0.7ms)


Started GET "/advisors" for 127.0.0.1 at Sat Oct 01 23:01:57 -0400 2011
  Processing by AdvisorsController#index as HTML
Rendered advisors/index.html.haml within layouts/application (0.2ms)
Rendered layouts/_stylesheets.html.haml (0.7ms)
Rendered layouts/_head.html.haml (2.0ms)
Rendered layouts/_header.html.haml (2.6ms)
Rendered layouts/_flashes.html.haml (0.3ms)
Rendered layouts/_footer.html.haml (0.3ms)
Rendered layouts/_javascripts.html.haml (1.7ms)
Completed 200 OK in 16ms (Views: 11.1ms | ActiveRecord: 0.5ms)


Started GET "/rates" for 127.0.0.1 at Sat Oct 01 23:02:28 -0400 2011
  Processing by RatesController#index as HTML
Rendered rates/index.html.haml within layouts/application (0.6ms)
Rendered layouts/_stylesheets.html.haml (0.7ms)
Rendered layouts/_head.html.haml (2.0ms)
Rendered layouts/_header.html.haml (2.5ms)
Rendered layouts/_flashes.html.haml (0.3ms)
Rendered layouts/_footer.html.haml (0.3ms)
Rendered layouts/_javascripts.html.haml (1.6ms)
Completed 200 OK in 16ms (Views: 10.9ms | ActiveRecord: 0.9ms)


Started GET "/rates" for 127.0.0.1 at Sat Oct 01 23:03:22 -0400 2011
  Processing by RatesController#index as HTML
Rendered rates/index.html.haml within layouts/application (0.6ms)
Rendered layouts/_stylesheets.html.haml (0.6ms)
Rendered layouts/_head.html.haml (1.7ms)
Rendered layouts/_header.html.haml (2.5ms)
Rendered layouts/_flashes.html.haml (0.4ms)
Rendered layouts/_footer.html.haml (0.5ms)
Rendered layouts/_javascripts.html.haml (1.9ms)
Completed 200 OK in 16ms (Views: 10.5ms | ActiveRecord: 0.8ms)


Started GET "/advisors" for 127.0.0.1 at Sat Oct 01 23:03:26 -0400 2011
  Processing by AdvisorsController#index as HTML
Rendered advisors/index.html.haml within layouts/application (0.2ms)
Rendered layouts/_stylesheets.html.haml (0.7ms)
Rendered layouts/_head.html.haml (2.1ms)
Rendered layouts/_header.html.haml (3.1ms)
Rendered layouts/_flashes.html.haml (0.4ms)
Rendered layouts/_footer.html.haml (0.3ms)
Rendered layouts/_javascripts.html.haml (1.8ms)
Completed 200 OK in 35ms (Views: 10.9ms | ActiveRecord: 0.7ms)


Started GET "/advisors" for 127.0.0.1 at Sat Oct 01 23:03:49 -0400 2011
  Processing by AdvisorsController#index as HTML
Rendered advisors/index.html.haml within layouts/application (0.1ms)
Rendered layouts/_stylesheets.html.haml (0.6ms)
Rendered layouts/_head.html.haml (1.7ms)
Rendered layouts/_header.html.haml (2.8ms)
Rendered layouts/_flashes.html.haml (0.3ms)
Rendered layouts/_footer.html.haml (0.3ms)
Rendered layouts/_javascripts.html.haml (1.7ms)
Completed 200 OK in 14ms (Views: 9.5ms | ActiveRecord: 0.6ms)


Started GET "/advisors" for 127.0.0.1 at Sat Oct 01 23:03:51 -0400 2011
  Processing by AdvisorsController#index as HTML
Rendered advisors/index.html.haml within layouts/application (0.2ms)
Rendered layouts/_stylesheets.html.haml (0.6ms)
Rendered layouts/_head.html.haml (1.8ms)
Rendered layouts/_header.html.haml (2.6ms)
Rendered layouts/_flashes.html.haml (0.3ms)
Rendered layouts/_footer.html.haml (0.3ms)
Rendered layouts/_javascripts.html.haml (1.7ms)
Completed 200 OK in 14ms (Views: 9.5ms | ActiveRecord: 0.6ms)
Compiled excanvas.compiled.js  (0ms)  (pid 611)
Compiled jquery-ui.min.js  (2ms)  (pid 611)
Compiled jquery.min.js  (0ms)  (pid 611)
Compiled jquery.simplemodal.1.4.1.min.js  (0ms)  (pid 611)
Compiled modernizr.min.js  (0ms)  (pid 611)
Compiled respond.min.js  (0ms)  (pid 611)
Compiled bootstrap-1.1.0.css  (0ms)  (pid 611)
Compiled excanvas.compiled.js  (0ms)  (pid 634)
Compiled jquery-ui.min.js  (1ms)  (pid 634)
Compiled jquery.min.js  (0ms)  (pid 634)
Compiled jquery.simplemodal.1.4.1.min.js  (0ms)  (pid 634)
Compiled modernizr.min.js  (0ms)  (pid 634)
Compiled respond.min.js  (0ms)  (pid 634)
Compiled bootstrap.min.css  (0ms)  (pid 658)
Compiled application.js  (5ms)  (pid 658)
Compiled jquery.js  (3ms)  (pid 658)
Compiled jquery_ujs.js  (0ms)  (pid 658)
Compiled active_admin.js  (1ms)  (pid 658)
Compiled active_admin/base.js  (3ms)  (pid 658)
Compiled active_admin/vendor.js  (2ms)  (pid 658)
Compiled advisors.js  (58ms)  (pid 658)
Compiled highcharts.js  (1ms)  (pid 658)
Compiled jquery-ui.js  (51ms)  (pid 658)
Compiled plugins.js  (0ms)  (pid 658)
Compiled rails.js  (0ms)  (pid 658)
Compiled sessions.js  (0ms)  (pid 658)
Compiled tips.js  (0ms)  (pid 658)
Compiled users.js  (0ms)  (pid 658)
Compiled application.css  (2ms)  (pid 658)


Started GET "/" for 127.0.0.1 at Sun Nov 13 19:08:15 -0500 2011

Sass::SyntaxError (File to import not found or unreadable: active_admin/mixins.
Load paths:
  Compass::SpriteImporter
  /Users/thomasfortier/Sites/Ryokin/public/stylesheets/sass
  /Users/thomasfortier/Sites/Ryokin/app/assets/stylesheets
  /Library/Ruby/Gems/1.8/gems/compass-0.11.5/frameworks/blueprint/stylesheets
  /Library/Ruby/Gems/1.8/gems/compass-0.11.5/frameworks/compass/stylesheets
  /Library/Ruby/Gems/1.8/gems/html5-boilerplate-1.0.0/stylesheets):
  app/assets/stylesheets/active_admin.css.scss:2

Rendered /Library/Ruby/Gems/1.8/gems/actionpack-3.1.0/lib/action_dispatch/middleware/templates/rescues/_trace.erb (0.9ms)
Rendered /Library/Ruby/Gems/1.8/gems/actionpack-3.1.0/lib/action_dispatch/middleware/templates/rescues/_request_and_response.erb (1.3ms)
Rendered /Library/Ruby/Gems/1.8/gems/actionpack-3.1.0/lib/action_dispatch/middleware/templates/rescues/diagnostics.erb within rescues/layout (4.1ms)


Started GET "/" for 127.0.0.1 at Sun Nov 13 19:08:16 -0500 2011
  Processing by HomeController#index as HTML
Rendered tips/_listips.html.haml (5.4ms)
Rendered home/index.html.haml within layouts/application (8.6ms)
Completed 500 Internal Server Error in 14ms

ActionView::Template::Error (Mysql2::Error: Table 'ryokin_production.tips' doesn't exist: SHOW FIELDS FROM `tips`):
    1: .page-header
    2: 	%h1 Tip of the week
    3: 
    4: - tip = listip	
    5: .row
    6: 	.span16
    7: 		#tip		
  app/helpers/tips_helper.rb:4:in `listip'
  app/views/tips/_listips.html.haml:4:in `_app_views_tips__listips_html_haml___72410913_2283680140'
  app/views/home/index.html.haml:2:in `_app_views_home_index_html_haml__1756944457_2283748500'

Rendered /Library/Ruby/Gems/1.8/gems/actionpack-3.1.0/lib/action_dispatch/middleware/templates/rescues/_trace.erb (1.3ms)
Rendered /Library/Ruby/Gems/1.8/gems/actionpack-3.1.0/lib/action_dispatch/middleware/templates/rescues/_request_and_response.erb (0.6ms)
Rendered /Library/Ruby/Gems/1.8/gems/actionpack-3.1.0/lib/action_dispatch/middleware/templates/rescues/template_error.erb within rescues/layout (3.6ms)


Started GET "/" for 127.0.0.1 at Sun Nov 13 19:08:16 -0500 2011
  Processing by HomeController#index as HTML
Rendered tips/_listips.html.haml (1.6ms)
Rendered home/index.html.haml within layouts/application (1.8ms)
Completed 500 Internal Server Error in 2ms

ActionView::Template::Error (Mysql2::Error: Table 'ryokin_production.tips' doesn't exist: SHOW FIELDS FROM `tips`):
    1: .page-header
    2: 	%h1 Tip of the week
    3: 
    4: - tip = listip	
    5: .row
    6: 	.span16
    7: 		#tip		
  app/helpers/tips_helper.rb:4:in `listip'
  app/views/tips/_listips.html.haml:4:in `_app_views_tips__listips_html_haml___72410913_2283680140'
  app/views/home/index.html.haml:2:in `_app_views_home_index_html_haml__1756944457_2283748500'

Rendered /Library/Ruby/Gems/1.8/gems/actionpack-3.1.0/lib/action_dispatch/middleware/templates/rescues/_trace.erb (1.2ms)
Rendered /Library/Ruby/Gems/1.8/gems/actionpack-3.1.0/lib/action_dispatch/middleware/templates/rescues/_request_and_response.erb (0.6ms)
Rendered /Library/Ruby/Gems/1.8/gems/actionpack-3.1.0/lib/action_dispatch/middleware/templates/rescues/template_error.erb within rescues/layout (3.7ms)
Migrating to CreateBanks (20110826015420)
Migrating to CreateRates (20110826020211)
Migrating to CreateCategoryRateTypes (20110826020347)
Migrating to CreateRateTypes (20110826020428)
Migrating to CreateCategories (20110826020507)
Migrating to CreateDashboards (20110831031231)
Migrating to SorceryCore (20110918201614)
Migrating to SorceryRememberMe (20110918201615)
Migrating to SorceryResetPassword (20110918201616)
Migrating to SorceryActivityLogging (20110918201617)
Migrating to CreateAdvisors (20110920024103)
Migrating to CreateAdvisorTypes (20110920034527)
Migrating to CreateRatings (20110921023629)
Migrating to CreateAdminNotes (20110922231812)
Migrating to MoveAdminNotesToComments (20110922231813)
Migrating to CreateComments (20110923025040)
Migrating to DeviseCreateAdminUsers (20110923031805)
Migrating to CreateTips (20111015224854)


Started GET "/" for 127.0.0.1 at Sun Nov 13 19:11:25 -0500 2011

Sass::SyntaxError (File to import not found or unreadable: active_admin/mixins.
Load paths:
  Compass::SpriteImporter
  /Users/thomasfortier/Sites/Ryokin/public/stylesheets/sass
  /Users/thomasfortier/Sites/Ryokin/app/assets/stylesheets
  /Library/Ruby/Gems/1.8/gems/compass-0.11.5/frameworks/blueprint/stylesheets
  /Library/Ruby/Gems/1.8/gems/compass-0.11.5/frameworks/compass/stylesheets
  /Library/Ruby/Gems/1.8/gems/html5-boilerplate-1.0.0/stylesheets):
  app/assets/stylesheets/active_admin.css.scss:2

Rendered /Library/Ruby/Gems/1.8/gems/actionpack-3.1.0/lib/action_dispatch/middleware/templates/rescues/_trace.erb (1.0ms)
Rendered /Library/Ruby/Gems/1.8/gems/actionpack-3.1.0/lib/action_dispatch/middleware/templates/rescues/_request_and_response.erb (1.4ms)
Rendered /Library/Ruby/Gems/1.8/gems/actionpack-3.1.0/lib/action_dispatch/middleware/templates/rescues/diagnostics.erb within rescues/layout (4.3ms)


Started GET "/" for 127.0.0.1 at Sun Nov 13 19:11:25 -0500 2011
  Processing by HomeController#index as HTML
Rendered tips/_listips.html.haml (10.5ms)
Rendered home/index.html.haml within layouts/application (13.3ms)
Completed 500 Internal Server Error in 18ms

ActionView::Template::Error (undefined method `title' for nil:NilClass):
    6: 	.span16
    7: 		#tip		
    8: 			%h3
    9: 				= tip.title 
    10: 				%small 
    11: 					= " by "
    12: 					%em
  app/views/tips/_listips.html.haml:9:in `_app_views_tips__listips_html_haml___72410913_2204162960'
  app/views/home/index.html.haml:2:in `_app_views_home_index_html_haml__1756944457_2204231720'

Rendered /Library/Ruby/Gems/1.8/gems/actionpack-3.1.0/lib/action_dispatch/middleware/templates/rescues/_trace.erb (1.0ms)
Rendered /Library/Ruby/Gems/1.8/gems/actionpack-3.1.0/lib/action_dispatch/middleware/templates/rescues/_request_and_response.erb (0.5ms)
Rendered /Library/Ruby/Gems/1.8/gems/actionpack-3.1.0/lib/action_dispatch/middleware/templates/rescues/template_error.erb within rescues/layout (2.9ms)


Started GET "/" for 127.0.0.1 at Sun Nov 13 19:11:26 -0500 2011
  Processing by HomeController#index as HTML
Rendered tips/_listips.html.haml (1.3ms)
Rendered home/index.html.haml within layouts/application (1.5ms)
Completed 500 Internal Server Error in 2ms

ActionView::Template::Error (undefined method `title' for nil:NilClass):
    6: 	.span16
    7: 		#tip		
    8: 			%h3
    9: 				= tip.title 
    10: 				%small 
    11: 					= " by "
    12: 					%em
  app/views/tips/_listips.html.haml:9:in `_app_views_tips__listips_html_haml___72410913_2204162960'
  app/views/home/index.html.haml:2:in `_app_views_home_index_html_haml__1756944457_2204231720'

Rendered /Library/Ruby/Gems/1.8/gems/actionpack-3.1.0/lib/action_dispatch/middleware/templates/rescues/_trace.erb (1.2ms)
Rendered /Library/Ruby/Gems/1.8/gems/actionpack-3.1.0/lib/action_dispatch/middleware/templates/rescues/_request_and_response.erb (0.7ms)
Rendered /Library/Ruby/Gems/1.8/gems/actionpack-3.1.0/lib/action_dispatch/middleware/templates/rescues/template_error.erb within rescues/layout (3.8ms)


Started GET "/" for 127.0.0.1 at Sun Nov 13 19:11:27 -0500 2011
  Processing by HomeController#index as HTML
Rendered tips/_listips.html.haml (1.3ms)
Rendered home/index.html.haml within layouts/application (1.6ms)
Completed 500 Internal Server Error in 2ms

ActionView::Template::Error (undefined method `title' for nil:NilClass):
    6: 	.span16
    7: 		#tip		
    8: 			%h3
    9: 				= tip.title 
    10: 				%small 
    11: 					= " by "
    12: 					%em
  app/views/tips/_listips.html.haml:9:in `_app_views_tips__listips_html_haml___72410913_2204162960'
  app/views/home/index.html.haml:2:in `_app_views_home_index_html_haml__1756944457_2204231720'

Rendered /Library/Ruby/Gems/1.8/gems/actionpack-3.1.0/lib/action_dispatch/middleware/templates/rescues/_trace.erb (47.2ms)
Rendered /Library/Ruby/Gems/1.8/gems/actionpack-3.1.0/lib/action_dispatch/middleware/templates/rescues/_request_and_response.erb (0.6ms)
Rendered /Library/Ruby/Gems/1.8/gems/actionpack-3.1.0/lib/action_dispatch/middleware/templates/rescues/template_error.erb within rescues/layout (49.8ms)


Started GET "/" for 127.0.0.1 at Sun Nov 13 19:11:27 -0500 2011
  Processing by HomeController#index as HTML
Rendered tips/_listips.html.haml (1.3ms)
Rendered home/index.html.haml within layouts/application (1.5ms)
Completed 500 Internal Server Error in 2ms

ActionView::Template::Error (undefined method `title' for nil:NilClass):
    6: 	.span16
    7: 		#tip		
    8: 			%h3
    9: 				= tip.title 
    10: 				%small 
    11: 					= " by "
    12: 					%em
  app/views/tips/_listips.html.haml:9:in `_app_views_tips__listips_html_haml___72410913_2204162960'
  app/views/home/index.html.haml:2:in `_app_views_home_index_html_haml__1756944457_2204231720'

Rendered /Library/Ruby/Gems/1.8/gems/actionpack-3.1.0/lib/action_dispatch/middleware/templates/rescues/_trace.erb (1.0ms)
Rendered /Library/Ruby/Gems/1.8/gems/actionpack-3.1.0/lib/action_dispatch/middleware/templates/rescues/_request_and_response.erb (0.5ms)
Rendered /Library/Ruby/Gems/1.8/gems/actionpack-3.1.0/lib/action_dispatch/middleware/templates/rescues/template_error.erb within rescues/layout (3.0ms)


Started GET "/" for 127.0.0.1 at Sun Nov 13 19:11:28 -0500 2011
  Processing by HomeController#index as HTML
Rendered tips/_listips.html.haml (1.5ms)
Rendered home/index.html.haml within layouts/application (1.7ms)
Completed 500 Internal Server Error in 2ms

ActionView::Template::Error (undefined method `title' for nil:NilClass):
    6: 	.span16
    7: 		#tip		
    8: 			%h3
    9: 				= tip.title 
    10: 				%small 
    11: 					= " by "
    12: 					%em
  app/views/tips/_listips.html.haml:9:in `_app_views_tips__listips_html_haml___72410913_2204162960'
  app/views/home/index.html.haml:2:in `_app_views_home_index_html_haml__1756944457_2204231720'

Rendered /Library/Ruby/Gems/1.8/gems/actionpack-3.1.0/lib/action_dispatch/middleware/templates/rescues/_trace.erb (1.0ms)
Rendered /Library/Ruby/Gems/1.8/gems/actionpack-3.1.0/lib/action_dispatch/middleware/templates/rescues/_request_and_response.erb (0.6ms)
Rendered /Library/Ruby/Gems/1.8/gems/actionpack-3.1.0/lib/action_dispatch/middleware/templates/rescues/template_error.erb within rescues/layout (3.2ms)


Started GET "/" for 127.0.0.1 at Sun Nov 13 19:11:28 -0500 2011
  Processing by HomeController#index as HTML
Rendered tips/_listips.html.haml (1.4ms)
Rendered home/index.html.haml within layouts/application (1.6ms)
Completed 500 Internal Server Error in 2ms

ActionView::Template::Error (undefined method `title' for nil:NilClass):
    6: 	.span16
    7: 		#tip		
    8: 			%h3
    9: 				= tip.title 
    10: 				%small 
    11: 					= " by "
    12: 					%em
  app/views/tips/_listips.html.haml:9:in `_app_views_tips__listips_html_haml___72410913_2204162960'
  app/views/home/index.html.haml:2:in `_app_views_home_index_html_haml__1756944457_2204231720'

Rendered /Library/Ruby/Gems/1.8/gems/actionpack-3.1.0/lib/action_dispatch/middleware/templates/rescues/_trace.erb (1.1ms)
Rendered /Library/Ruby/Gems/1.8/gems/actionpack-3.1.0/lib/action_dispatch/middleware/templates/rescues/_request_and_response.erb (1.0ms)
Rendered /Library/Ruby/Gems/1.8/gems/actionpack-3.1.0/lib/action_dispatch/middleware/templates/rescues/template_error.erb within rescues/layout (4.2ms)


Started GET "/" for 127.0.0.1 at Sun Nov 13 19:11:28 -0500 2011
  Processing by HomeController#index as HTML
Rendered tips/_listips.html.haml (1.4ms)
Rendered home/index.html.haml within layouts/application (1.6ms)
Completed 500 Internal Server Error in 2ms

ActionView::Template::Error (undefined method `title' for nil:NilClass):
    6: 	.span16
    7: 		#tip		
    8: 			%h3
    9: 				= tip.title 
    10: 				%small 
    11: 					= " by "
    12: 					%em
  app/views/tips/_listips.html.haml:9:in `_app_views_tips__listips_html_haml___72410913_2204162960'
  app/views/home/index.html.haml:2:in `_app_views_home_index_html_haml__1756944457_2204231720'

Rendered /Library/Ruby/Gems/1.8/gems/actionpack-3.1.0/lib/action_dispatch/middleware/templates/rescues/_trace.erb (1.2ms)
Rendered /Library/Ruby/Gems/1.8/gems/actionpack-3.1.0/lib/action_dispatch/middleware/templates/rescues/_request_and_response.erb (0.6ms)
Rendered /Library/Ruby/Gems/1.8/gems/actionpack-3.1.0/lib/action_dispatch/middleware/templates/rescues/template_error.erb within rescues/layout (3.7ms)


Started GET "/" for 127.0.0.1 at Sun Nov 13 19:13:25 -0500 2011

Sass::SyntaxError (File to import not found or unreadable: active_admin/mixins.
Load paths:
  Compass::SpriteImporter
  /Users/thomasfortier/Sites/Ryokin/public/stylesheets/sass
  /Users/thomasfortier/Sites/Ryokin/app/assets/stylesheets
  /Library/Ruby/Gems/1.8/gems/compass-0.11.5/frameworks/blueprint/stylesheets
  /Library/Ruby/Gems/1.8/gems/compass-0.11.5/frameworks/compass/stylesheets
  /Library/Ruby/Gems/1.8/gems/html5-boilerplate-1.0.0/stylesheets):
  app/assets/stylesheets/active_admin.css.scss:2

Rendered /Library/Ruby/Gems/1.8/gems/actionpack-3.1.0/lib/action_dispatch/middleware/templates/rescues/_trace.erb (0.9ms)
Rendered /Library/Ruby/Gems/1.8/gems/actionpack-3.1.0/lib/action_dispatch/middleware/templates/rescues/_request_and_response.erb (1.1ms)
Rendered /Library/Ruby/Gems/1.8/gems/actionpack-3.1.0/lib/action_dispatch/middleware/templates/rescues/diagnostics.erb within rescues/layout (3.8ms)


Started GET "/" for 127.0.0.1 at Sun Nov 13 19:13:26 -0500 2011
  Processing by HomeController#index as HTML
Rendered tips/_listips.html.haml (22.9ms)
Rendered advisors/_listadvisors.html.haml (105.0ms)
Rendered home/index.html.haml within layouts/application (131.7ms)
Completed 500 Internal Server Error in 137ms

ActionView::Template::Error (undefined method `-@' for #<String:0x1082a1030>):
    28: 
    29: 	#commentform
    30: 		= form_tag '/advisors/add_comment', :remote =>true, :method => 'get', :'data-type' => 'html', :id => "createComments" do - 
    31: 			= hidden_field_tag 'commentable', 'commentable', :value => 'Advisor'
    32: 			= hidden_field_tag 'commentable_id', 'commentable_id'
    33: 			.field.clearfix				
    34: 				= label_tag 'Comment'
  app/views/advisors/_listadvisors.html.haml:31:in `_app_views_advisors__listadvisors_html_haml__1266541903_2216252280'
  app/views/advisors/_listadvisors.html.haml:30:in `_app_views_advisors__listadvisors_html_haml__1266541903_2216252280'
  app/views/home/index.html.haml:5:in `_app_views_home_index_html_haml__1756944457_2216939560'

Rendered /Library/Ruby/Gems/1.8/gems/actionpack-3.1.0/lib/action_dispatch/middleware/templates/rescues/_trace.erb (1.2ms)
Rendered /Library/Ruby/Gems/1.8/gems/actionpack-3.1.0/lib/action_dispatch/middleware/templates/rescues/_request_and_response.erb (0.6ms)
Rendered /Library/Ruby/Gems/1.8/gems/actionpack-3.1.0/lib/action_dispatch/middleware/templates/rescues/template_error.erb within rescues/layout (3.7ms)


Started GET "/" for 127.0.0.1 at Sun Nov 13 19:13:26 -0500 2011
  Processing by HomeController#index as HTML
Rendered tips/_listips.html.haml (1.5ms)
Rendered advisors/_listadvisors.html.haml (70.6ms)
Rendered home/index.html.haml within layouts/application (72.5ms)
Completed 500 Internal Server Error in 73ms

ActionView::Template::Error (undefined method `-@' for #<String:0x1081de3f0>):
    28: 
    29: 	#commentform
    30: 		= form_tag '/advisors/add_comment', :remote =>true, :method => 'get', :'data-type' => 'html', :id => "createComments" do - 
    31: 			= hidden_field_tag 'commentable', 'commentable', :value => 'Advisor'
    32: 			= hidden_field_tag 'commentable_id', 'commentable_id'
    33: 			.field.clearfix				
    34: 				= label_tag 'Comment'
  app/views/advisors/_listadvisors.html.haml:31:in `_app_views_advisors__listadvisors_html_haml__1266541903_2216252280'
  app/views/advisors/_listadvisors.html.haml:30:in `_app_views_advisors__listadvisors_html_haml__1266541903_2216252280'
  app/views/home/index.html.haml:5:in `_app_views_home_index_html_haml__1756944457_2216939560'

Rendered /Library/Ruby/Gems/1.8/gems/actionpack-3.1.0/lib/action_dispatch/middleware/templates/rescues/_trace.erb (1.2ms)
Rendered /Library/Ruby/Gems/1.8/gems/actionpack-3.1.0/lib/action_dispatch/middleware/templates/rescues/_request_and_response.erb (0.6ms)
Rendered /Library/Ruby/Gems/1.8/gems/actionpack-3.1.0/lib/action_dispatch/middleware/templates/rescues/template_error.erb within rescues/layout (3.6ms)


Started GET "/" for 127.0.0.1 at Sun Nov 13 19:13:27 -0500 2011
  Processing by HomeController#index as HTML
Rendered tips/_listips.html.haml (1.6ms)
Rendered advisors/_listadvisors.html.haml (20.0ms)
Rendered home/index.html.haml within layouts/application (22.0ms)
Completed 500 Internal Server Error in 23ms

ActionView::Template::Error (undefined method `-@' for #<String:0x1083173c0>):
    28: 
    29: 	#commentform
    30: 		= form_tag '/advisors/add_comment', :remote =>true, :method => 'get', :'data-type' => 'html', :id => "createComments" do - 
    31: 			= hidden_field_tag 'commentable', 'commentable', :value => 'Advisor'
    32: 			= hidden_field_tag 'commentable_id', 'commentable_id'
    33: 			.field.clearfix				
    34: 				= label_tag 'Comment'
  app/views/advisors/_listadvisors.html.haml:31:in `_app_views_advisors__listadvisors_html_haml__1266541903_2216252280'
  app/views/advisors/_listadvisors.html.haml:30:in `_app_views_advisors__listadvisors_html_haml__1266541903_2216252280'
  app/views/home/index.html.haml:5:in `_app_views_home_index_html_haml__1756944457_2216939560'

Rendered /Library/Ruby/Gems/1.8/gems/actionpack-3.1.0/lib/action_dispatch/middleware/templates/rescues/_trace.erb (1.0ms)
Rendered /Library/Ruby/Gems/1.8/gems/actionpack-3.1.0/lib/action_dispatch/middleware/templates/rescues/_request_and_response.erb (0.5ms)
Rendered /Library/Ruby/Gems/1.8/gems/actionpack-3.1.0/lib/action_dispatch/middleware/templates/rescues/template_error.erb within rescues/layout (3.0ms)


Started GET "/" for 127.0.0.1 at Sun Nov 13 19:13:28 -0500 2011
  Processing by HomeController#index as HTML
Rendered tips/_listips.html.haml (1.8ms)
Rendered advisors/_listadvisors.html.haml (17.9ms)
Rendered home/index.html.haml within layouts/application (20.1ms)
Completed 500 Internal Server Error in 21ms

ActionView::Template::Error (undefined method `-@' for #<String:0x1084ecdd0>):
    28: 
    29: 	#commentform
    30: 		= form_tag '/advisors/add_comment', :remote =>true, :method => 'get', :'data-type' => 'html', :id => "createComments" do - 
    31: 			= hidden_field_tag 'commentable', 'commentable', :value => 'Advisor'
    32: 			= hidden_field_tag 'commentable_id', 'commentable_id'
    33: 			.field.clearfix				
    34: 				= label_tag 'Comment'
  app/views/advisors/_listadvisors.html.haml:31:in `_app_views_advisors__listadvisors_html_haml__1266541903_2216252280'
  app/views/advisors/_listadvisors.html.haml:30:in `_app_views_advisors__listadvisors_html_haml__1266541903_2216252280'
  app/views/home/index.html.haml:5:in `_app_views_home_index_html_haml__1756944457_2216939560'

Rendered /Library/Ruby/Gems/1.8/gems/actionpack-3.1.0/lib/action_dispatch/middleware/templates/rescues/_trace.erb (1.1ms)
Rendered /Library/Ruby/Gems/1.8/gems/actionpack-3.1.0/lib/action_dispatch/middleware/templates/rescues/_request_and_response.erb (0.7ms)
Rendered /Library/Ruby/Gems/1.8/gems/actionpack-3.1.0/lib/action_dispatch/middleware/templates/rescues/template_error.erb within rescues/layout (3.7ms)


Started GET "/" for 127.0.0.1 at Sun Nov 13 19:13:29 -0500 2011
  Processing by HomeController#index as HTML
Rendered tips/_listips.html.haml (1.6ms)
Rendered advisors/_listadvisors.html.haml (72.1ms)
Rendered home/index.html.haml within layouts/application (74.1ms)
Completed 500 Internal Server Error in 75ms

ActionView::Template::Error (undefined method `-@' for #<String:0x108199fc0>):
    28: 
    29: 	#commentform
    30: 		= form_tag '/advisors/add_comment', :remote =>true, :method => 'get', :'data-type' => 'html', :id => "createComments" do - 
    31: 			= hidden_field_tag 'commentable', 'commentable', :value => 'Advisor'
    32: 			= hidden_field_tag 'commentable_id', 'commentable_id'
    33: 			.field.clearfix				
    34: 				= label_tag 'Comment'
  app/views/advisors/_listadvisors.html.haml:31:in `_app_views_advisors__listadvisors_html_haml__1266541903_2216252280'
  app/views/advisors/_listadvisors.html.haml:30:in `_app_views_advisors__listadvisors_html_haml__1266541903_2216252280'
  app/views/home/index.html.haml:5:in `_app_views_home_index_html_haml__1756944457_2216939560'

Rendered /Library/Ruby/Gems/1.8/gems/actionpack-3.1.0/lib/action_dispatch/middleware/templates/rescues/_trace.erb (1.0ms)
Rendered /Library/Ruby/Gems/1.8/gems/actionpack-3.1.0/lib/action_dispatch/middleware/templates/rescues/_request_and_response.erb (0.5ms)
Rendered /Library/Ruby/Gems/1.8/gems/actionpack-3.1.0/lib/action_dispatch/middleware/templates/rescues/template_error.erb within rescues/layout (2.9ms)


Started GET "/" for 127.0.0.1 at Sun Nov 13 19:13:29 -0500 2011
  Processing by HomeController#index as HTML
Rendered tips/_listips.html.haml (1.6ms)
Rendered advisors/_listadvisors.html.haml (18.1ms)
Rendered home/index.html.haml within layouts/application (20.0ms)
Completed 500 Internal Server Error in 21ms

ActionView::Template::Error (undefined method `-@' for #<String:0x1083175f0>):
    28: 
    29: 	#commentform
    30: 		= form_tag '/advisors/add_comment', :remote =>true, :method => 'get', :'data-type' => 'html', :id => "createComments" do - 
    31: 			= hidden_field_tag 'commentable', 'commentable', :value => 'Advisor'
    32: 			= hidden_field_tag 'commentable_id', 'commentable_id'
    33: 			.field.clearfix				
    34: 				= label_tag 'Comment'
  app/views/advisors/_listadvisors.html.haml:31:in `_app_views_advisors__listadvisors_html_haml__1266541903_2216252280'
  app/views/advisors/_listadvisors.html.haml:30:in `_app_views_advisors__listadvisors_html_haml__1266541903_2216252280'
  app/views/home/index.html.haml:5:in `_app_views_home_index_html_haml__1756944457_2216939560'

Rendered /Library/Ruby/Gems/1.8/gems/actionpack-3.1.0/lib/action_dispatch/middleware/templates/rescues/_trace.erb (52.7ms)
Rendered /Library/Ruby/Gems/1.8/gems/actionpack-3.1.0/lib/action_dispatch/middleware/templates/rescues/_request_and_response.erb (0.6ms)
Rendered /Library/Ruby/Gems/1.8/gems/actionpack-3.1.0/lib/action_dispatch/middleware/templates/rescues/template_error.erb within rescues/layout (55.2ms)


Started GET "/" for 127.0.0.1 at Sun Nov 13 19:13:29 -0500 2011
  Processing by HomeController#index as HTML
Rendered tips/_listips.html.haml (1.8ms)
Rendered advisors/_listadvisors.html.haml (19.7ms)
Rendered home/index.html.haml within layouts/application (21.9ms)
Completed 500 Internal Server Error in 22ms

ActionView::Template::Error (undefined method `-@' for #<String:0x1085ada80>):
    28: 
    29: 	#commentform
    30: 		= form_tag '/advisors/add_comment', :remote =>true, :method => 'get', :'data-type' => 'html', :id => "createComments" do - 
    31: 			= hidden_field_tag 'commentable', 'commentable', :value => 'Advisor'
    32: 			= hidden_field_tag 'commentable_id', 'commentable_id'
    33: 			.field.clearfix				
    34: 				= label_tag 'Comment'
  app/views/advisors/_listadvisors.html.haml:31:in `_app_views_advisors__listadvisors_html_haml__1266541903_2216252280'
  app/views/advisors/_listadvisors.html.haml:30:in `_app_views_advisors__listadvisors_html_haml__1266541903_2216252280'
  app/views/home/index.html.haml:5:in `_app_views_home_index_html_haml__1756944457_2216939560'

Rendered /Library/Ruby/Gems/1.8/gems/actionpack-3.1.0/lib/action_dispatch/middleware/templates/rescues/_trace.erb (1.1ms)
Rendered /Library/Ruby/Gems/1.8/gems/actionpack-3.1.0/lib/action_dispatch/middleware/templates/rescues/_request_and_response.erb (0.7ms)
Rendered /Library/Ruby/Gems/1.8/gems/actionpack-3.1.0/lib/action_dispatch/middleware/templates/rescues/template_error.erb within rescues/layout (3.5ms)


Started GET "/" for 127.0.0.1 at Sun Nov 13 19:13:30 -0500 2011
  Processing by HomeController#index as HTML
Rendered tips/_listips.html.haml (1.7ms)
Rendered advisors/_listadvisors.html.haml (70.8ms)
Rendered home/index.html.haml within layouts/application (72.9ms)
Completed 500 Internal Server Error in 74ms

ActionView::Template::Error (undefined method `-@' for #<String:0x108254910>):
    28: 
    29: 	#commentform
    30: 		= form_tag '/advisors/add_comment', :remote =>true, :method => 'get', :'data-type' => 'html', :id => "createComments" do - 
    31: 			= hidden_field_tag 'commentable', 'commentable', :value => 'Advisor'
    32: 			= hidden_field_tag 'commentable_id', 'commentable_id'
    33: 			.field.clearfix				
    34: 				= label_tag 'Comment'
  app/views/advisors/_listadvisors.html.haml:31:in `_app_views_advisors__listadvisors_html_haml__1266541903_2216252280'
  app/views/advisors/_listadvisors.html.haml:30:in `_app_views_advisors__listadvisors_html_haml__1266541903_2216252280'
  app/views/home/index.html.haml:5:in `_app_views_home_index_html_haml__1756944457_2216939560'

Rendered /Library/Ruby/Gems/1.8/gems/actionpack-3.1.0/lib/action_dispatch/middleware/templates/rescues/_trace.erb (1.2ms)
Rendered /Library/Ruby/Gems/1.8/gems/actionpack-3.1.0/lib/action_dispatch/middleware/templates/rescues/_request_and_response.erb (0.7ms)
Rendered /Library/Ruby/Gems/1.8/gems/actionpack-3.1.0/lib/action_dispatch/middleware/templates/rescues/template_error.erb within rescues/layout (3.7ms)


Started GET "/" for 127.0.0.1 at Sun Nov 13 19:13:30 -0500 2011
  Processing by HomeController#index as HTML
Rendered tips/_listips.html.haml (1.8ms)
Rendered advisors/_listadvisors.html.haml (17.9ms)
Rendered home/index.html.haml within layouts/application (20.1ms)
Completed 500 Internal Server Error in 21ms

ActionView::Template::Error (undefined method `-@' for #<String:0x108370bc8>):
    28: 
    29: 	#commentform
    30: 		= form_tag '/advisors/add_comment', :remote =>true, :method => 'get', :'data-type' => 'html', :id => "createComments" do - 
    31: 			= hidden_field_tag 'commentable', 'commentable', :value => 'Advisor'
    32: 			= hidden_field_tag 'commentable_id', 'commentable_id'
    33: 			.field.clearfix				
    34: 				= label_tag 'Comment'
  app/views/advisors/_listadvisors.html.haml:31:in `_app_views_advisors__listadvisors_html_haml__1266541903_2216252280'
  app/views/advisors/_listadvisors.html.haml:30:in `_app_views_advisors__listadvisors_html_haml__1266541903_2216252280'
  app/views/home/index.html.haml:5:in `_app_views_home_index_html_haml__1756944457_2216939560'

Rendered /Library/Ruby/Gems/1.8/gems/actionpack-3.1.0/lib/action_dispatch/middleware/templates/rescues/_trace.erb (1.0ms)
Rendered /Library/Ruby/Gems/1.8/gems/actionpack-3.1.0/lib/action_dispatch/middleware/templates/rescues/_request_and_response.erb (0.5ms)
Rendered /Library/Ruby/Gems/1.8/gems/actionpack-3.1.0/lib/action_dispatch/middleware/templates/rescues/template_error.erb within rescues/layout (3.1ms)


Started GET "/" for 127.0.0.1 at Sun Nov 13 19:13:30 -0500 2011
  Processing by HomeController#index as HTML
Rendered tips/_listips.html.haml (51.5ms)
Rendered advisors/_listadvisors.html.haml (19.3ms)
Rendered home/index.html.haml within layouts/application (71.2ms)
Completed 500 Internal Server Error in 72ms

ActionView::Template::Error (undefined method `-@' for #<String:0x108600028>):
    28: 
    29: 	#commentform
    30: 		= form_tag '/advisors/add_comment', :remote =>true, :method => 'get', :'data-type' => 'html', :id => "createComments" do - 
    31: 			= hidden_field_tag 'commentable', 'commentable', :value => 'Advisor'
    32: 			= hidden_field_tag 'commentable_id', 'commentable_id'
    33: 			.field.clearfix				
    34: 				= label_tag 'Comment'
  app/views/advisors/_listadvisors.html.haml:31:in `_app_views_advisors__listadvisors_html_haml__1266541903_2216252280'
  app/views/advisors/_listadvisors.html.haml:30:in `_app_views_advisors__listadvisors_html_haml__1266541903_2216252280'
  app/views/home/index.html.haml:5:in `_app_views_home_index_html_haml__1756944457_2216939560'

Rendered /Library/Ruby/Gems/1.8/gems/actionpack-3.1.0/lib/action_dispatch/middleware/templates/rescues/_trace.erb (1.7ms)
Rendered /Library/Ruby/Gems/1.8/gems/actionpack-3.1.0/lib/action_dispatch/middleware/templates/rescues/_request_and_response.erb (0.7ms)
Rendered /Library/Ruby/Gems/1.8/gems/actionpack-3.1.0/lib/action_dispatch/middleware/templates/rescues/template_error.erb within rescues/layout (4.8ms)


Started GET "/" for 127.0.0.1 at Sun Nov 13 19:13:30 -0500 2011
  Processing by HomeController#index as HTML
Rendered tips/_listips.html.haml (1.9ms)
Rendered advisors/_listadvisors.html.haml (72.2ms)
Rendered home/index.html.haml within layouts/application (74.5ms)
Completed 500 Internal Server Error in 75ms

ActionView::Template::Error (undefined method `-@' for #<String:0x108297cd8>):
    28: 
    29: 	#commentform
    30: 		= form_tag '/advisors/add_comment', :remote =>true, :method => 'get', :'data-type' => 'html', :id => "createComments" do - 
    31: 			= hidden_field_tag 'commentable', 'commentable', :value => 'Advisor'
    32: 			= hidden_field_tag 'commentable_id', 'commentable_id'
    33: 			.field.clearfix				
    34: 				= label_tag 'Comment'
  app/views/advisors/_listadvisors.html.haml:31:in `_app_views_advisors__listadvisors_html_haml__1266541903_2216252280'
  app/views/advisors/_listadvisors.html.haml:30:in `_app_views_advisors__listadvisors_html_haml__1266541903_2216252280'
  app/views/home/index.html.haml:5:in `_app_views_home_index_html_haml__1756944457_2216939560'

Rendered /Library/Ruby/Gems/1.8/gems/actionpack-3.1.0/lib/action_dispatch/middleware/templates/rescues/_trace.erb (1.0ms)
Rendered /Library/Ruby/Gems/1.8/gems/actionpack-3.1.0/lib/action_dispatch/middleware/templates/rescues/_request_and_response.erb (0.5ms)
Rendered /Library/Ruby/Gems/1.8/gems/actionpack-3.1.0/lib/action_dispatch/middleware/templates/rescues/template_error.erb within rescues/layout (3.0ms)


Started GET "/" for 127.0.0.1 at Sun Nov 13 19:13:30 -0500 2011
  Processing by HomeController#index as HTML
Rendered tips/_listips.html.haml (1.6ms)
Rendered advisors/_listadvisors.html.haml (18.4ms)
Rendered home/index.html.haml within layouts/application (20.4ms)
Completed 500 Internal Server Error in 21ms

ActionView::Template::Error (undefined method `-@' for #<String:0x1083b4648>):
    28: 
    29: 	#commentform
    30: 		= form_tag '/advisors/add_comment', :remote =>true, :method => 'get', :'data-type' => 'html', :id => "createComments" do - 
    31: 			= hidden_field_tag 'commentable', 'commentable', :value => 'Advisor'
    32: 			= hidden_field_tag 'commentable_id', 'commentable_id'
    33: 			.field.clearfix				
    34: 				= label_tag 'Comment'
  app/views/advisors/_listadvisors.html.haml:31:in `_app_views_advisors__listadvisors_html_haml__1266541903_2216252280'
  app/views/advisors/_listadvisors.html.haml:30:in `_app_views_advisors__listadvisors_html_haml__1266541903_2216252280'
  app/views/home/index.html.haml:5:in `_app_views_home_index_html_haml__1756944457_2216939560'

Rendered /Library/Ruby/Gems/1.8/gems/actionpack-3.1.0/lib/action_dispatch/middleware/templates/rescues/_trace.erb (1.2ms)
Rendered /Library/Ruby/Gems/1.8/gems/actionpack-3.1.0/lib/action_dispatch/middleware/templates/rescues/_request_and_response.erb (0.6ms)
Rendered /Library/Ruby/Gems/1.8/gems/actionpack-3.1.0/lib/action_dispatch/middleware/templates/rescues/template_error.erb within rescues/layout (3.8ms)


Started GET "/" for 127.0.0.1 at Sun Nov 13 19:13:57 -0500 2011
  Processing by HomeController#index as HTML
Rendered tips/_listips.html.haml (1.7ms)
Rendered advisors/_listadvisors.html.haml (72.3ms)
Rendered home/index.html.haml within layouts/application (74.4ms)
Completed 500 Internal Server Error in 75ms

ActionView::Template::Error (undefined method `-@' for #<String:0x1080d6d68>):
    28: 
    29: 	#commentform
    30: 		= form_tag '/advisors/add_comment', :remote =>true, :method => 'get', :'data-type' => 'html', :id => "createComments" do 
    31: 			= hidden_field_tag 'commentable', 'commentable', :value => 'Advisor'
    32: 			= hidden_field_tag 'commentable_id', 'commentable_id'
    33: 			.field.clearfix				
    34: 				= label_tag 'Comment'
  app/views/advisors/_listadvisors.html.haml:31:in `_app_views_advisors__listadvisors_html_haml__1266541903_2216252280'
  app/views/advisors/_listadvisors.html.haml:30:in `_app_views_advisors__listadvisors_html_haml__1266541903_2216252280'
  app/views/home/index.html.haml:5:in `_app_views_home_index_html_haml__1756944457_2216939560'

Rendered /Library/Ruby/Gems/1.8/gems/actionpack-3.1.0/lib/action_dispatch/middleware/templates/rescues/_trace.erb (1.0ms)
Rendered /Library/Ruby/Gems/1.8/gems/actionpack-3.1.0/lib/action_dispatch/middleware/templates/rescues/_request_and_response.erb (0.8ms)
Rendered /Library/Ruby/Gems/1.8/gems/actionpack-3.1.0/lib/action_dispatch/middleware/templates/rescues/template_error.erb within rescues/layout (3.4ms)


Started GET "/" for 127.0.0.1 at Sun Nov 13 19:13:58 -0500 2011
  Processing by HomeController#index as HTML
Rendered tips/_listips.html.haml (1.6ms)
Rendered advisors/_listadvisors.html.haml (68.3ms)
Rendered home/index.html.haml within layouts/application (70.2ms)
Completed 500 Internal Server Error in 71ms

ActionView::Template::Error (undefined method `-@' for #<String:0x1082c9940>):
    28: 
    29: 	#commentform
    30: 		= form_tag '/advisors/add_comment', :remote =>true, :method => 'get', :'data-type' => 'html', :id => "createComments" do 
    31: 			= hidden_field_tag 'commentable', 'commentable', :value => 'Advisor'
    32: 			= hidden_field_tag 'commentable_id', 'commentable_id'
    33: 			.field.clearfix				
    34: 				= label_tag 'Comment'
  app/views/advisors/_listadvisors.html.haml:31:in `_app_views_advisors__listadvisors_html_haml__1266541903_2216252280'
  app/views/advisors/_listadvisors.html.haml:30:in `_app_views_advisors__listadvisors_html_haml__1266541903_2216252280'
  app/views/home/index.html.haml:5:in `_app_views_home_index_html_haml__1756944457_2216939560'

Rendered /Library/Ruby/Gems/1.8/gems/actionpack-3.1.0/lib/action_dispatch/middleware/templates/rescues/_trace.erb (1.1ms)
Rendered /Library/Ruby/Gems/1.8/gems/actionpack-3.1.0/lib/action_dispatch/middleware/templates/rescues/_request_and_response.erb (0.5ms)
Rendered /Library/Ruby/Gems/1.8/gems/actionpack-3.1.0/lib/action_dispatch/middleware/templates/rescues/template_error.erb within rescues/layout (3.2ms)


Started GET "/" for 127.0.0.1 at Sun Nov 13 19:14:18 -0500 2011

Sass::SyntaxError (File to import not found or unreadable: active_admin/mixins.
Load paths:
  Compass::SpriteImporter
  /Users/thomasfortier/Sites/Ryokin/public/stylesheets/sass
  /Users/thomasfortier/Sites/Ryokin/app/assets/stylesheets
  /Library/Ruby/Gems/1.8/gems/compass-0.11.5/frameworks/blueprint/stylesheets
  /Library/Ruby/Gems/1.8/gems/compass-0.11.5/frameworks/compass/stylesheets
  /Library/Ruby/Gems/1.8/gems/html5-boilerplate-1.0.0/stylesheets):
  app/assets/stylesheets/active_admin.css.scss:2

Rendered /Library/Ruby/Gems/1.8/gems/actionpack-3.1.0/lib/action_dispatch/middleware/templates/rescues/_trace.erb (0.8ms)
Rendered /Library/Ruby/Gems/1.8/gems/actionpack-3.1.0/lib/action_dispatch/middleware/templates/rescues/_request_and_response.erb (1.0ms)
Rendered /Library/Ruby/Gems/1.8/gems/actionpack-3.1.0/lib/action_dispatch/middleware/templates/rescues/diagnostics.erb within rescues/layout (3.5ms)


Started GET "/" for 127.0.0.1 at Sun Nov 13 19:14:18 -0500 2011
  Processing by HomeController#index as HTML
Rendered tips/_listips.html.haml (24.1ms)
Rendered advisors/_listadvisors.html.haml (108.0ms)
Rendered home/index.html.haml within layouts/application (136.1ms)
Rendered layouts/_stylesheets.html.haml (1.6ms)
Rendered layouts/_head.html.haml (5.2ms)
Completed 500 Internal Server Error in 153ms

ActionView::Template::Error (style.css isn't precompiled):
    1: -# CSS: implied media="all"
    2: = stylesheet_link_tag 'style', :media => 'all'
    3: = stylesheet_link_tag 'advisors', :media => 'all'
    4: 
    5: -# Append your own using content_for :stylesheets
  app/views/layouts/_stylesheets.html.haml:2:in `_app_views_layouts__stylesheets_html_haml__1091126864_2274947400'
  app/views/layouts/_head.html.haml:20:in `_app_views_layouts__head_html_haml___2098118170_2275136140'
  app/views/layouts/application.html.haml:7:in `_app_views_layouts_application_html_haml___628226575_2275348860'
  app/views/layouts/application.html.haml:3:in `_app_views_layouts_application_html_haml___628226575_2275348860'

Rendered /Library/Ruby/Gems/1.8/gems/actionpack-3.1.0/lib/action_dispatch/middleware/templates/rescues/_trace.erb (1.3ms)
Rendered /Library/Ruby/Gems/1.8/gems/actionpack-3.1.0/lib/action_dispatch/middleware/templates/rescues/_request_and_response.erb (0.7ms)
Rendered /Library/Ruby/Gems/1.8/gems/actionpack-3.1.0/lib/action_dispatch/middleware/templates/rescues/template_error.erb within rescues/layout (3.5ms)


Started GET "/" for 127.0.0.1 at Sun Nov 13 19:14:19 -0500 2011
  Processing by HomeController#index as HTML
Rendered tips/_listips.html.haml (1.5ms)
Rendered advisors/_listadvisors.html.haml (19.0ms)
Rendered home/index.html.haml within layouts/application (20.8ms)
Rendered layouts/_stylesheets.html.haml (0.8ms)
Rendered layouts/_head.html.haml (1.0ms)
Completed 500 Internal Server Error in 23ms

ActionView::Template::Error (style.css isn't precompiled):
    1: -# CSS: implied media="all"
    2: = stylesheet_link_tag 'style', :media => 'all'
    3: = stylesheet_link_tag 'advisors', :media => 'all'
    4: 
    5: -# Append your own using content_for :stylesheets
  app/views/layouts/_stylesheets.html.haml:2:in `_app_views_layouts__stylesheets_html_haml__1091126864_2274947400'
  app/views/layouts/_head.html.haml:20:in `_app_views_layouts__head_html_haml___2098118170_2275136140'
  app/views/layouts/application.html.haml:7:in `_app_views_layouts_application_html_haml___628226575_2275348860'
  app/views/layouts/application.html.haml:3:in `_app_views_layouts_application_html_haml___628226575_2275348860'

Rendered /Library/Ruby/Gems/1.8/gems/actionpack-3.1.0/lib/action_dispatch/middleware/templates/rescues/_trace.erb (1.2ms)
Rendered /Library/Ruby/Gems/1.8/gems/actionpack-3.1.0/lib/action_dispatch/middleware/templates/rescues/_request_and_response.erb (0.5ms)
Rendered /Library/Ruby/Gems/1.8/gems/actionpack-3.1.0/lib/action_dispatch/middleware/templates/rescues/template_error.erb within rescues/layout (3.4ms)


Started GET "/" for 127.0.0.1 at Sun Nov 13 19:14:20 -0500 2011
  Processing by HomeController#index as HTML
Rendered tips/_listips.html.haml (1.6ms)
Rendered advisors/_listadvisors.html.haml (69.8ms)
Rendered home/index.html.haml within layouts/application (71.7ms)
Rendered layouts/_stylesheets.html.haml (1.0ms)
Rendered layouts/_head.html.haml (1.3ms)
Completed 500 Internal Server Error in 75ms

ActionView::Template::Error (style.css isn't precompiled):
    1: -# CSS: implied media="all"
    2: = stylesheet_link_tag 'style', :media => 'all'
    3: = stylesheet_link_tag 'advisors', :media => 'all'
    4: 
    5: -# Append your own using content_for :stylesheets
  app/views/layouts/_stylesheets.html.haml:2:in `_app_views_layouts__stylesheets_html_haml__1091126864_2274947400'
  app/views/layouts/_head.html.haml:20:in `_app_views_layouts__head_html_haml___2098118170_2275136140'
  app/views/layouts/application.html.haml:7:in `_app_views_layouts_application_html_haml___628226575_2275348860'
  app/views/layouts/application.html.haml:3:in `_app_views_layouts_application_html_haml___628226575_2275348860'

Rendered /Library/Ruby/Gems/1.8/gems/actionpack-3.1.0/lib/action_dispatch/middleware/templates/rescues/_trace.erb (1.1ms)
Rendered /Library/Ruby/Gems/1.8/gems/actionpack-3.1.0/lib/action_dispatch/middleware/templates/rescues/_request_and_response.erb (0.5ms)
Rendered /Library/Ruby/Gems/1.8/gems/actionpack-3.1.0/lib/action_dispatch/middleware/templates/rescues/template_error.erb within rescues/layout (3.2ms)
Compiled excanvas.compiled.js  (0ms)  (pid 714)
Compiled jquery-ui.min.js  (2ms)  (pid 714)
Compiled jquery.min.js  (1ms)  (pid 714)
Compiled jquery.simplemodal.1.4.1.min.js  (0ms)  (pid 714)
Compiled modernizr.min.js  (0ms)  (pid 714)
Compiled respond.min.js  (0ms)  (pid 714)
Compiled bootstrap.min.css  (0ms)  (pid 714)
Compiled application.js  (5ms)  (pid 714)
Compiled jquery.js  (3ms)  (pid 714)
Compiled jquery_ujs.js  (0ms)  (pid 714)
Compiled active_admin.js  (1ms)  (pid 714)
Compiled active_admin/base.js  (1ms)  (pid 714)
Compiled active_admin/vendor.js  (1ms)  (pid 714)
Compiled advisors.js  (53ms)  (pid 714)
Compiled highcharts.js  (0ms)  (pid 714)
Compiled jquery-ui.js  (4ms)  (pid 714)
Compiled plugins.js  (0ms)  (pid 714)
Compiled rails.js  (0ms)  (pid 714)
Compiled sessions.js  (0ms)  (pid 714)
Compiled tips.js  (0ms)  (pid 714)
Compiled users.js  (0ms)  (pid 714)
Compiled application.css  (2ms)  (pid 714)
